<?xml version="1.0" encoding="UTF-8" ?>
<testsuite errors="0" failures="0" hostname="Aphrodite2nd.local" name="com.mutation.sampleapp.AppTest" tests="2" time="0.072" timestamp="2007-06-30T22:02:15">
  <properties>
    <property name="maven.build.output" value="target/classes" />
    <property name="ant.file.SampleProjectUnderTest" value="/Volumes/DevelopmentDisk/Mutation/MavenPlugin/src/test/it/it0002/build.xml" />
    <property name="java.runtime.name" value="Java(TM) 2 Runtime Environment, Standard Edition" />
    <property name="sun.boot.library.path" value="/System/Library/Frameworks/JavaVM.framework/Versions/1.5.0/Libraries" />
    <property name="junit.present" value="true" />
    <property name="java.vm.version" value="1.5.0_07-87" />
    <property name="awt.nativeDoubleBuffering" value="true" />
    <property name="ant.library.dir" value="/Applications/eclipse/plugins/org.apache.ant_1.7.0.v200706080842/lib" />
    <property name="gopherProxySet" value="false" />
    <property name="ant.version" value="Apache Ant version 1.7.0 compiled on December 13 2006" />
    <property name="ant.java.version" value="1.5" />
    <property name="java.vm.vendor" value="&quot;Apple Computer, Inc.&quot;" />
    <property name="java.vendor.url" value="http://apple.com/" />
    <property name="path.separator" value=":" />
    <property name="java.vm.name" value="Java HotSpot(TM) Client VM" />
    <property name="file.encoding.pkg" value="sun.io" />
    <property name="user.country" value="US" />
    <property name="sun.os.patch.level" value="unknown" />
    <property name="maven.build.directory" value="target" />
    <property name="java.vm.specification.name" value="Java Virtual Machine Specification" />
    <property name="user.dir" value="/Volumes/DevelopmentDisk/Mutation/MavenPlugin/src/test/it/it0002" />
    <property name="maven.test.output" value="target/test-classes" />
    <property name="java.runtime.version" value="1.5.0_07-164" />
    <property name="maven.build.final.name" value="SampleProjectUnderTest-A" />
    <property name="java.awt.graphicsenv" value="apple.awt.CGraphicsEnvironment" />
    <property name="eclipse.pdebuild.scripts" value="/Applications/eclipse/plugins/org.eclipse.pde.build_3.3.0.v20070612/scripts//" />
    <property name="basedir" value="." />
    <property name="java.endorsed.dirs" value="/System/Library/Frameworks/JavaVM.framework/Versions/1.5.0/Home/lib/endorsed" />
    <property name="os.arch" value="i386" />
    <property name="java.io.tmpdir" value="/tmp" />
    <property name="ant.core.lib" value="/Applications/eclipse/plugins/org.apache.ant_1.7.0.v200706080842/lib/ant.jar" />
    <property name="line.separator" value="
" />
    <property name="java.vm.specification.vendor" value="Sun Microsystems Inc." />
    <property name="os.name" value="Mac OS X" />
    <property name="ant.home" value="/Applications/eclipse/plugins/org.apache.ant_1.7.0.v200706080842" />
    <property name="eclipse.pdebuild.templates" value="/Applications/eclipse/plugins/org.eclipse.pde.build_3.3.0.v20070612/templates//" />
    <property name="ant.project.name" value="SampleProjectUnderTest" />
    <property name="sun.jnu.encoding" value="MacRoman" />
    <property name="maven.test.reports" value="target/test-reports" />
    <property name="java.library.path" value=".:/Library/Java/Extensions:/System/Library/Java/Extensions:/usr/lib/java" />
    <property name="eclipse.pdebuild.home" value="/Applications/eclipse/plugins/org.eclipse.pde.build_3.3.0.v20070612/.//" />
    <property name="java.class.version" value="49.0" />
    <property name="java.specification.name" value="Java Platform API Specification" />
    <property name="sun.management.compiler" value="HotSpot Client Compiler" />
    <property name="maven.repo.local" value="/Users/arau/.m2/repository" />
    <property name="os.version" value="10.4.10" />
    <property name="ant.file" value="/Volumes/DevelopmentDisk/Mutation/MavenPlugin/src/test/it/it0002/build.xml" />
    <property name="user.home" value="/Users/arau" />
    <property name="user.timezone" value="" />
    <property name="java.awt.printerjob" value="apple.awt.CPrinterJob" />
    <property name="java.specification.version" value="1.5" />
    <property name="file.encoding" value="MacRoman" />
    <property name="java.class.path" value="/Users/arau/.m2/repository/asm/asm-analysis/3.0/asm-analysis-3.0.jar:/Users/arau/.m2/repository/asm/asm-analysis/3.0/asm-analysis-3.0.jar.sha1:/Users/arau/.m2/repository/asm/asm-analysis/3.0/asm-analysis-3.0.pom:/Users/arau/.m2/repository/asm/asm-analysis/3.0/asm-analysis-3.0.pom.sha1:/Users/arau/.m2/repository/asm/asm-commons/3.0/asm-commons-3.0.jar:/Users/arau/.m2/repository/asm/asm-commons/3.0/asm-commons-3.0.jar.sha1:/Users/arau/.m2/repository/asm/asm-commons/3.0/asm-commons-3.0.pom:/Users/arau/.m2/repository/asm/asm-commons/3.0/asm-commons-3.0.pom.sha1:/Users/arau/.m2/repository/asm/asm-parent/3.0/asm-parent-3.0.pom:/Users/arau/.m2/repository/asm/asm-parent/3.0/asm-parent-3.0.pom.sha1:/Users/arau/.m2/repository/asm/asm-tree/3.0/asm-tree-3.0.jar:/Users/arau/.m2/repository/asm/asm-tree/3.0/asm-tree-3.0.jar.sha1:/Users/arau/.m2/repository/asm/asm-tree/3.0/asm-tree-3.0.pom:/Users/arau/.m2/repository/asm/asm-tree/3.0/asm-tree-3.0.pom.sha1:/Users/arau/.m2/repository/asm/asm-util/3.0/asm-util-3.0.jar:/Users/arau/.m2/repository/asm/asm-util/3.0/asm-util-3.0.jar.sha1:/Users/arau/.m2/repository/asm/asm-util/3.0/asm-util-3.0.pom:/Users/arau/.m2/repository/asm/asm-util/3.0/asm-util-3.0.pom.sha1:/Users/arau/.m2/repository/asm/asm/2.1/asm-2.1.jar:/Users/arau/.m2/repository/asm/asm/2.1/asm-2.1.jar.sha1:/Users/arau/.m2/repository/asm/asm/2.1/asm-2.1.pom:/Users/arau/.m2/repository/asm/asm/2.1/asm-2.1.pom.sha1:/Users/arau/.m2/repository/asm/asm/3.0/asm-3.0.jar:/Users/arau/.m2/repository/asm/asm/3.0/asm-3.0.jar.sha1:/Users/arau/.m2/repository/asm/asm/3.0/asm-3.0.pom:/Users/arau/.m2/repository/asm/asm/3.0/asm-3.0.pom.sha1:/Users/arau/.m2/repository/avalon-framework/avalon-framework/4.1.3/avalon-framework-4.1.3.jar:/Users/arau/.m2/repository/avalon-framework/avalon-framework/4.1.3/avalon-framework-4.1.3.jar.sha1:/Users/arau/.m2/repository/avalon-framework/avalon-framework/4.1.3/avalon-framework-4.1.3.pom:/Users/arau/.m2/repository/avalon-framework/avalon-framework/4.1.3/avalon-framework-4.1.3.pom.sha1:/Users/arau/.m2/repository/bsh/bsh/1.3.0/bsh-1.3.0.jar:/Users/arau/.m2/repository/bsh/bsh/1.3.0/bsh-1.3.0.jar.sha1:/Users/arau/.m2/repository/bsh/bsh/1.3.0/bsh-1.3.0.pom:/Users/arau/.m2/repository/bsh/bsh/1.3.0/bsh-1.3.0.pom.sha1:/Users/arau/.m2/repository/classworlds/classworlds/1.1-alpha-2/classworlds-1.1-alpha-2.jar:/Users/arau/.m2/repository/classworlds/classworlds/1.1-alpha-2/classworlds-1.1-alpha-2.jar.sha1:/Users/arau/.m2/repository/classworlds/classworlds/1.1-alpha-2/classworlds-1.1-alpha-2.pom:/Users/arau/.m2/repository/classworlds/classworlds/1.1-alpha-2/classworlds-1.1-alpha-2.pom.sha1:/Users/arau/.m2/repository/classworlds/classworlds/1.1/classworlds-1.1.pom:/Users/arau/.m2/repository/classworlds/classworlds/1.1/classworlds-1.1.pom.sha1:/Users/arau/.m2/repository/cobertura/cobertura-runtime/1.7/cobertura-runtime-1.7.pom:/Users/arau/.m2/repository/cobertura/cobertura-runtime/1.7/cobertura-runtime-1.7.pom.sha1:/Users/arau/.m2/repository/cobertura/cobertura/1.7/cobertura-1.7.jar:/Users/arau/.m2/repository/cobertura/cobertura/1.7/cobertura-1.7.jar.sha1:/Users/arau/.m2/repository/cobertura/cobertura/1.7/cobertura-1.7.pom:/Users/arau/.m2/repository/cobertura/cobertura/1.7/cobertura-1.7.pom.sha1:/Users/arau/.m2/repository/com/jcraft/jsch/0.1.24/jsch-0.1.24.pom:/Users/arau/.m2/repository/com/jcraft/jsch/0.1.24/jsch-0.1.24.pom.sha1:/Users/arau/.m2/repository/com/retroduction/carma/Annotations/0.2-SNAPSHOT/Annotations-0.2-SNAPSHOT.jar:/Users/arau/.m2/repository/com/retroduction/carma/Annotations/0.2-SNAPSHOT/Annotations-0.2-SNAPSHOT.pom:/Users/arau/.m2/repository/com/retroduction/carma/Annotations/0.2-SNAPSHOT/maven-metadata-local.xml:/Users/arau/.m2/repository/com/retroduction/carma/Annotations/maven-metadata-local.xml:/Users/arau/.m2/repository/com/retroduction/carma/Core/0.2-SNAPSHOT/Core-0.2-SNAPSHOT.jar:/Users/arau/.m2/repository/com/retroduction/carma/Core/0.2-SNAPSHOT/Core-0.2-SNAPSHOT.pom:/Users/arau/.m2/repository/com/retroduction/carma/Core/0.2-SNAPSHOT/maven-metadata-local.xml:/Users/arau/.m2/repository/com/retroduction/carma/Core/maven-metadata-local.xml:/Users/arau/.m2/repository/com/retroduction/carma/EventListeners/0.2-SNAPSHOT/EventListeners-0.2-SNAPSHOT.jar:/Users/arau/.m2/repository/com/retroduction/carma/EventListeners/0.2-SNAPSHOT/EventListeners-0.2-SNAPSHOT.pom:/Users/arau/.m2/repository/com/retroduction/carma/EventListeners/0.2-SNAPSHOT/maven-metadata-local.xml:/Users/arau/.m2/repository/com/retroduction/carma/EventListeners/maven-metadata-local.xml:/Users/arau/.m2/repository/com/retroduction/carma/JavaApplication/0.2-SNAPSHOT/JavaApplication-0.2-SNAPSHOT.jar:/Users/arau/.m2/repository/com/retroduction/carma/JavaApplication/0.2-SNAPSHOT/JavaApplication-0.2-SNAPSHOT.pom:/Users/arau/.m2/repository/com/retroduction/carma/JavaApplication/0.2-SNAPSHOT/maven-metadata-local.xml:/Users/arau/.m2/repository/com/retroduction/carma/JavaApplication/maven-metadata-local.xml:/Users/arau/.m2/repository/com/retroduction/carma/MavenPlugin/0.2-SNAPSHOT/MavenPlugin-0.2-SNAPSHOT.jar:/Users/arau/.m2/repository/com/retroduction/carma/MavenPlugin/0.2-SNAPSHOT/MavenPlugin-0.2-SNAPSHOT.pom:/Users/arau/.m2/repository/com/retroduction/carma/MavenPlugin/0.2-SNAPSHOT/maven-metadata-local.xml:/Users/arau/.m2/repository/com/retroduction/carma/MavenPlugin/maven-metadata-central.xml:/Users/arau/.m2/repository/com/retroduction/carma/MavenPlugin/maven-metadata-local.xml:/Users/arau/.m2/repository/com/retroduction/carma/MetaDefinition/0.2-SNAPSHOT/MetaDefinition-0.2-SNAPSHOT.pom:/Users/arau/.m2/repository/com/retroduction/carma/MetaDefinition/0.2-SNAPSHOT/maven-metadata-local.xml:/Users/arau/.m2/repository/com/retroduction/carma/MetaDefinition/maven-metadata-local.xml:/Users/arau/.m2/repository/com/retroduction/carma/Reactor/0.2-SNAPSHOT/Reactor-0.2-SNAPSHOT.pom:/Users/arau/.m2/repository/com/retroduction/carma/Reactor/0.2-SNAPSHOT/maven-metadata-local.xml:/Users/arau/.m2/repository/com/retroduction/carma/Reactor/maven-metadata-local.xml:/Users/arau/.m2/repository/com/retroduction/carma/ReportGenerator/0.2-SNAPSHOT/ReportGenerator-0.2-SNAPSHOT.jar:/Users/arau/.m2/repository/com/retroduction/carma/ReportGenerator/0.2-SNAPSHOT/ReportGenerator-0.2-SNAPSHOT.pom:/Users/arau/.m2/repository/com/retroduction/carma/ReportGenerator/0.2-SNAPSHOT/maven-metadata-local.xml:/Users/arau/.m2/repository/com/retroduction/carma/ReportGenerator/maven-metadata-local.xml:/Users/arau/.m2/repository/com/retroduction/carma/ReportModel/0.2-SNAPSHOT/ReportModel-0.2-SNAPSHOT.jar:/Users/arau/.m2/repository/com/retroduction/carma/ReportModel/0.2-SNAPSHOT/ReportModel-0.2-SNAPSHOT.pom:/Users/arau/.m2/repository/com/retroduction/carma/ReportModel/0.2-SNAPSHOT/maven-metadata-local.xml:/Users/arau/.m2/repository/com/retroduction/carma/ReportModel/maven-metadata-local.xml:/Users/arau/.m2/repository/com/retroduction/carma/Resolvers/0.2-SNAPSHOT/Resolvers-0.2-SNAPSHOT.jar:/Users/arau/.m2/repository/com/retroduction/carma/Resolvers/0.2-SNAPSHOT/Resolvers-0.2-SNAPSHOT.pom:/Users/arau/.m2/repository/com/retroduction/carma/Resolvers/0.2-SNAPSHOT/maven-metadata-local.xml:/Users/arau/.m2/repository/com/retroduction/carma/Resolvers/maven-metadata-local.xml:/Users/arau/.m2/repository/com/retroduction/carma/TestRunners/0.2-SNAPSHOT/TestRunners-0.2-SNAPSHOT.jar:/Users/arau/.m2/repository/com/retroduction/carma/TestRunners/0.2-SNAPSHOT/TestRunners-0.2-SNAPSHOT.pom:/Users/arau/.m2/repository/com/retroduction/carma/TestRunners/0.2-SNAPSHOT/maven-metadata-local.xml:/Users/arau/.m2/repository/com/retroduction/carma/TestRunners/maven-metadata-local.xml:/Users/arau/.m2/repository/com/retroduction/carma/Transformers/0.2-SNAPSHOT/Transformers-0.2-SNAPSHOT.jar:/Users/arau/.m2/repository/com/retroduction/carma/Transformers/0.2-SNAPSHOT/Transformers-0.2-SNAPSHOT.pom:/Users/arau/.m2/repository/com/retroduction/carma/Transformers/0.2-SNAPSHOT/maven-metadata-local.xml:/Users/arau/.m2/repository/com/retroduction/carma/Transformers/maven-metadata-local.xml:/Users/arau/.m2/repository/com/retroduction/carma/Utilities/0.2-SNAPSHOT/Utilities-0.2-SNAPSHOT.jar:/Users/arau/.m2/repository/com/retroduction/carma/Utilities/0.2-SNAPSHOT/Utilities-0.2-SNAPSHOT.pom:/Users/arau/.m2/repository/com/retroduction/carma/Utilities/0.2-SNAPSHOT/maven-metadata-local.xml:/Users/arau/.m2/repository/com/retroduction/carma/Utilities/maven-metadata-local.xml:/Users/arau/.m2/repository/com/retroduction/carma/maven-metadata-local.xml:/Users/arau/.m2/repository/com/sun/xml/bind/jaxb-impl/2.0.3/jaxb-impl-2.0.3.jar:/Users/arau/.m2/repository/com/sun/xml/bind/jaxb-impl/2.0.3/jaxb-impl-2.0.3.jar.sha1:/Users/arau/.m2/repository/com/sun/xml/bind/jaxb-impl/2.0.3/jaxb-impl-2.0.3.pom:/Users/arau/.m2/repository/com/sun/xml/bind/jaxb-impl/2.0.3/jaxb-impl-2.0.3.pom.sha1:/Users/arau/.m2/repository/commons-beanutils/commons-beanutils/1.6/commons-beanutils-1.6.pom:/Users/arau/.m2/repository/commons-beanutils/commons-beanutils/1.6/commons-beanutils-1.6.pom.sha1:/Users/arau/.m2/repository/commons-beanutils/commons-beanutils/1.7.0/commons-beanutils-1.7.0.jar:/Users/arau/.m2/repository/commons-beanutils/commons-beanutils/1.7.0/commons-beanutils-1.7.0.jar.sha1:/Users/arau/.m2/repository/commons-beanutils/commons-beanutils/1.7.0/commons-beanutils-1.7.0.pom:/Users/arau/.m2/repository/commons-beanutils/commons-beanutils/1.7.0/commons-beanutils-1.7.0.pom.sha1:/Users/arau/.m2/repository/commons-cli/commons-cli/1.0/commons-cli-1.0-sources.jar:/Users/arau/.m2/repository/commons-cli/commons-cli/1.0/commons-cli-1.0-sources.jar.sha1:/Users/arau/.m2/repository/commons-cli/commons-cli/1.0/commons-cli-1.0.jar:/Users/arau/.m2/repository/commons-cli/commons-cli/1.0/commons-cli-1.0.jar.sha1:/Users/arau/.m2/repository/commons-cli/commons-cli/1.0/commons-cli-1.0.pom:/Users/arau/.m2/repository/commons-cli/commons-cli/1.0/commons-cli-1.0.pom.sha1:/Users/arau/.m2/repository/commons-collections/commons-collections/2.0/commons-collections-2.0.jar:/Users/arau/.m2/repository/commons-collections/commons-collections/2.0/commons-collections-2.0.jar.sha1:/Users/arau/.m2/repository/commons-collections/commons-collections/2.0/commons-collections-2.0.pom:/Users/arau/.m2/repository/commons-collections/commons-collections/2.0/commons-collections-2.0.pom.sha1:/Users/arau/.m2/repository/commons-collections/commons-collections/2.1/commons-collections-2.1.pom:/Users/arau/.m2/repository/commons-collections/commons-collections/2.1/commons-collections-2.1.pom.sha1:/Users/arau/.m2/repository/commons-collections/commons-collections/3.1/commons-collections-3.1-sources.jar:/Users/arau/.m2/repository/commons-collections/commons-collections/3.1/commons-collections-3.1-sources.jar.sha1:/Users/arau/.m2/repository/commons-collections/commons-collections/3.1/commons-collections-3.1.jar:/Users/arau/.m2/repository/commons-collections/commons-collections/3.1/commons-collections-3.1.jar.sha1:/Users/arau/.m2/repository/commons-collections/commons-collections/3.1/commons-collections-3.1.pom:/Users/arau/.m2/repository/commons-collections/commons-collections/3.1/commons-collections-3.1.pom.sha1:/Users/arau/.m2/repository/commons-digester/commons-digester/1.6/commons-digester-1.6.jar:/Users/arau/.m2/repository/commons-digester/commons-digester/1.6/commons-digester-1.6.jar.sha1:/Users/arau/.m2/repository/commons-digester/commons-digester/1.6/commons-digester-1.6.pom:/Users/arau/.m2/repository/commons-digester/commons-digester/1.6/commons-digester-1.6.pom.sha1:/Users/arau/.m2/repository/commons-lang/commons-lang/1.0/commons-lang-1.0-javadoc.jar:/Users/arau/.m2/repository/commons-lang/commons-lang/1.0/commons-lang-1.0-javadoc.jar.sha1:/Users/arau/.m2/repository/commons-lang/commons-lang/1.0/commons-lang-1.0.jar:/Users/arau/.m2/repository/commons-lang/commons-lang/1.0/commons-lang-1.0.jar.sha1:/Users/arau/.m2/repository/commons-lang/commons-lang/1.0/commons-lang-1.0.pom:/Users/arau/.m2/repository/commons-lang/commons-lang/1.0/commons-lang-1.0.pom.sha1:/Users/arau/.m2/repository/commons-lang/commons-lang/2.1/commons-lang-2.1-sources.jar:/Users/arau/.m2/repository/commons-lang/commons-lang/2.1/commons-lang-2.1-sources.jar.sha1:/Users/arau/.m2/repository/commons-lang/commons-lang/2.1/commons-lang-2.1.jar:/Users/arau/.m2/repository/commons-lang/commons-lang/2.1/commons-lang-2.1.jar.sha1:/Users/arau/.m2/repository/commons-lang/commons-lang/2.1/commons-lang-2.1.pom:/Users/arau/.m2/repository/commons-lang/commons-lang/2.1/commons-lang-2.1.pom.sha1:/Users/arau/.m2/repository/commons-logging/commons-logging/1.0.3/commons-logging-1.0.3.pom:/Users/arau/.m2/repository/commons-logging/commons-logging/1.0.3/commons-logging-1.0.3.pom.sha1:/Users/arau/.m2/repository/commons-logging/commons-logging/1.0.4/commons-logging-1.0.4.jar:/Users/arau/.m2/repository/commons-logging/commons-logging/1.0.4/commons-logging-1.0.4.jar.sha1:/Users/arau/.m2/repository/commons-logging/commons-logging/1.0.4/commons-logging-1.0.4.pom:/Users/arau/.m2/repository/commons-logging/commons-logging/1.0.4/commons-logging-1.0.4.pom.sha1:/Users/arau/.m2/repository/commons-logging/commons-logging/1.0/commons-logging-1.0.jar:/Users/arau/.m2/repository/commons-logging/commons-logging/1.0/commons-logging-1.0.jar.sha1:/Users/arau/.m2/repository/commons-logging/commons-logging/1.0/commons-logging-1.0.pom:/Users/arau/.m2/repository/commons-logging/commons-logging/1.0/commons-logging-1.0.pom.sha1:/Users/arau/.m2/repository/commons-logging/commons-logging/1.1/commons-logging-1.1-sources.jar:/Users/arau/.m2/repository/commons-logging/commons-logging/1.1/commons-logging-1.1-sources.jar.sha1:/Users/arau/.m2/repository/commons-logging/commons-logging/1.1/commons-logging-1.1.jar:/Users/arau/.m2/repository/commons-logging/commons-logging/1.1/commons-logging-1.1.jar.sha1:/Users/arau/.m2/repository/commons-logging/commons-logging/1.1/commons-logging-1.1.pom:/Users/arau/.m2/repository/commons-logging/commons-logging/1.1/commons-logging-1.1.pom.sha1:/Users/arau/.m2/repository/commons-validator/commons-validator/1.1.4/commons-validator-1.1.4.jar:/Users/arau/.m2/repository/commons-validator/commons-validator/1.1.4/commons-validator-1.1.4.jar.sha1:/Users/arau/.m2/repository/commons-validator/commons-validator/1.1.4/commons-validator-1.1.4.pom:/Users/arau/.m2/repository/commons-validator/commons-validator/1.1.4/commons-validator-1.1.4.pom.sha1:/Users/arau/.m2/repository/commons-validator/commons-validator/1.2.0/commons-validator-1.2.0.jar:/Users/arau/.m2/repository/commons-validator/commons-validator/1.2.0/commons-validator-1.2.0.jar.sha1:/Users/arau/.m2/repository/commons-validator/commons-validator/1.2.0/commons-validator-1.2.0.pom:/Users/arau/.m2/repository/commons-validator/commons-validator/1.2.0/commons-validator-1.2.0.pom.sha1:/Users/arau/.m2/repository/doxia/doxia-core/1.0-alpha-4/doxia-core-1.0-alpha-4.jar:/Users/arau/.m2/repository/doxia/doxia-core/1.0-alpha-4/doxia-core-1.0-alpha-4.jar.sha1:/Users/arau/.m2/repository/doxia/doxia-core/1.0-alpha-4/doxia-core-1.0-alpha-4.pom:/Users/arau/.m2/repository/doxia/doxia-core/1.0-alpha-4/doxia-core-1.0-alpha-4.pom.sha1:/Users/arau/.m2/repository/doxia/doxia-sink-api/1.0-alpha-4/doxia-sink-api-1.0-alpha-4.pom:/Users/arau/.m2/repository/doxia/doxia-sink-api/1.0-alpha-4/doxia-sink-api-1.0-alpha-4.pom.sha1:/Users/arau/.m2/repository/jakarta-regexp/jakarta-regexp/1.4/jakarta-regexp-1.4.jar:/Users/arau/.m2/repository/jakarta-regexp/jakarta-regexp/1.4/jakarta-regexp-1.4.jar.sha1:/Users/arau/.m2/repository/jakarta-regexp/jakarta-regexp/1.4/jakarta-regexp-1.4.pom:/Users/arau/.m2/repository/jakarta-regexp/jakarta-regexp/1.4/jakarta-regexp-1.4.pom.sha1:/Users/arau/.m2/repository/javancss/ccl/21.41/ccl-21.41.jar:/Users/arau/.m2/repository/javancss/ccl/21.41/ccl-21.41.jar.sha1:/Users/arau/.m2/repository/javancss/ccl/21.41/ccl-21.41.pom:/Users/arau/.m2/repository/javancss/ccl/21.41/ccl-21.41.pom.sha1:/Users/arau/.m2/repository/javancss/javancss/21.41/javancss-21.41.jar:/Users/arau/.m2/repository/javancss/javancss/21.41/javancss-21.41.jar.sha1:/Users/arau/.m2/repository/javancss/javancss/21.41/javancss-21.41.pom:/Users/arau/.m2/repository/javancss/javancss/21.41/javancss-21.41.pom.sha1:/Users/arau/.m2/repository/javax/activation/activation/1.1/activation-1.1-sources.jar:/Users/arau/.m2/repository/javax/activation/activation/1.1/activation-1.1-sources.jar.sha1:/Users/arau/.m2/repository/javax/activation/activation/1.1/activation-1.1.jar:/Users/arau/.m2/repository/javax/activation/activation/1.1/activation-1.1.jar.sha1:/Users/arau/.m2/repository/javax/activation/activation/1.1/activation-1.1.pom:/Users/arau/.m2/repository/javax/activation/activation/1.1/activation-1.1.pom.sha1:/Users/arau/.m2/repository/javax/servlet/servlet-api/2.3/servlet-api-2.3-sources.jar:/Users/arau/.m2/repository/javax/servlet/servlet-api/2.3/servlet-api-2.3-sources.jar.sha1:/Users/arau/.m2/repository/javax/servlet/servlet-api/2.3/servlet-api-2.3.jar:/Users/arau/.m2/repository/javax/servlet/servlet-api/2.3/servlet-api-2.3.jar.sha1:/Users/arau/.m2/repository/javax/servlet/servlet-api/2.3/servlet-api-2.3.pom:/Users/arau/.m2/repository/javax/servlet/servlet-api/2.3/servlet-api-2.3.pom.sha1:/Users/arau/.m2/repository/javax/xml/bind/jaxb-api/2.0/jaxb-api-2.0.jar:/Users/arau/.m2/repository/javax/xml/bind/jaxb-api/2.0/jaxb-api-2.0.jar.sha1:/Users/arau/.m2/repository/javax/xml/bind/jaxb-api/2.0/jaxb-api-2.0.pom:/Users/arau/.m2/repository/javax/xml/bind/jaxb-api/2.0/jaxb-api-2.0.pom.sha1:/Users/arau/.m2/repository/javax/xml/bind/jsr173_api/1.0/jsr173_api-1.0.jar:/Users/arau/.m2/repository/javax/xml/bind/jsr173_api/1.0/jsr173_api-1.0.jar.sha1:/Users/arau/.m2/repository/javax/xml/bind/jsr173_api/1.0/jsr173_api-1.0.pom:/Users/arau/.m2/repository/javax/xml/bind/jsr173_api/1.0/jsr173_api-1.0.pom.sha1:/Users/arau/.m2/repository/jfree/jcommon/1.0.8/jcommon-1.0.8.jar:/Users/arau/.m2/repository/jfree/jcommon/1.0.8/jcommon-1.0.8.jar.sha1:/Users/arau/.m2/repository/jfree/jcommon/1.0.8/jcommon-1.0.8.pom:/Users/arau/.m2/repository/jfree/jcommon/1.0.8/jcommon-1.0.8.pom.sha1:/Users/arau/.m2/repository/jfree/jfreechart/1.0.4/jfreechart-1.0.4-sources.jar:/Users/arau/.m2/repository/jfree/jfreechart/1.0.4/jfreechart-1.0.4-sources.jar.sha1:/Users/arau/.m2/repository/jfree/jfreechart/1.0.4/jfreechart-1.0.4.jar:/Users/arau/.m2/repository/jfree/jfreechart/1.0.4/jfreechart-1.0.4.jar.sha1:/Users/arau/.m2/repository/jfree/jfreechart/1.0.4/jfreechart-1.0.4.pom:/Users/arau/.m2/repository/jfree/jfreechart/1.0.4/jfreechart-1.0.4.pom.sha1:/Users/arau/.m2/repository/jline/jline/0.9.1/jline-0.9.1.jar:/Users/arau/.m2/repository/jline/jline/0.9.1/jline-0.9.1.jar.sha1:/Users/arau/.m2/repository/jline/jline/0.9.1/jline-0.9.1.pom:/Users/arau/.m2/repository/jline/jline/0.9.1/jline-0.9.1.pom.sha1:/Users/arau/.m2/repository/junit/junit/3.7/junit-3.7.pom:/Users/arau/.m2/repository/junit/junit/3.7/junit-3.7.pom.sha1:/Users/arau/.m2/repository/junit/junit/3.8.1/junit-3.8.1-sources.jar:/Users/arau/.m2/repository/junit/junit/3.8.1/junit-3.8.1-sources.jar.sha1:/Users/arau/.m2/repository/junit/junit/3.8.1/junit-3.8.1.jar:/Users/arau/.m2/repository/junit/junit/3.8.1/junit-3.8.1.jar.sha1:/Users/arau/.m2/repository/junit/junit/3.8.1/junit-3.8.1.pom:/Users/arau/.m2/repository/junit/junit/3.8.1/junit-3.8.1.pom.sha1:/Users/arau/.m2/repository/junit/junit/3.8.2/junit-3.8.2-sources.jar:/Users/arau/.m2/repository/junit/junit/3.8.2/junit-3.8.2-sources.jar.sha1:/Users/arau/.m2/repository/junit/junit/3.8.2/junit-3.8.2.jar:/Users/arau/.m2/repository/junit/junit/3.8.2/junit-3.8.2.jar.sha1:/Users/arau/.m2/repository/junit/junit/3.8.2/junit-3.8.2.pom:/Users/arau/.m2/repository/junit/junit/3.8.2/junit-3.8.2.pom.sha1:/Users/arau/.m2/repository/log4j/log4j/1.2.12/log4j-1.2.12.jar:/Users/arau/.m2/repository/log4j/log4j/1.2.12/log4j-1.2.12.jar.sha1:/Users/arau/.m2/repository/log4j/log4j/1.2.12/log4j-1.2.12.pom:/Users/arau/.m2/repository/log4j/log4j/1.2.12/log4j-1.2.12.pom.sha1:/Users/arau/.m2/repository/log4j/log4j/1.2.14/log4j-1.2.14-sources.jar:/Users/arau/.m2/repository/log4j/log4j/1.2.14/log4j-1.2.14-sources.jar.sha1:/Users/arau/.m2/repository/log4j/log4j/1.2.14/log4j-1.2.14.jar:/Users/arau/.m2/repository/log4j/log4j/1.2.14/log4j-1.2.14.jar.sha1:/Users/arau/.m2/repository/log4j/log4j/1.2.14/log4j-1.2.14.pom:/Users/arau/.m2/repository/log4j/log4j/1.2.14/log4j-1.2.14.pom.sha1:/Users/arau/.m2/repository/log4j/log4j/1.2.9/log4j-1.2.9.jar:/Users/arau/.m2/repository/log4j/log4j/1.2.9/log4j-1.2.9.jar.sha1:/Users/arau/.m2/repository/log4j/log4j/1.2.9/log4j-1.2.9.pom:/Users/arau/.m2/repository/log4j/log4j/1.2.9/log4j-1.2.9.pom.sha1:/Users/arau/.m2/repository/logkit/logkit/1.0.1/logkit-1.0.1-sources.jar:/Users/arau/.m2/repository/logkit/logkit/1.0.1/logkit-1.0.1-sources.jar.sha1:/Users/arau/.m2/repository/logkit/logkit/1.0.1/logkit-1.0.1.jar:/Users/arau/.m2/repository/logkit/logkit/1.0.1/logkit-1.0.1.jar.sha1:/Users/arau/.m2/repository/logkit/logkit/1.0.1/logkit-1.0.1.pom:/Users/arau/.m2/repository/logkit/logkit/1.0.1/logkit-1.0.1.pom.sha1:/Users/arau/.m2/repository/org/apache/ant/ant-launcher/1.7.0/ant-launcher-1.7.0.jar:/Users/arau/.m2/repository/org/apache/ant/ant-launcher/1.7.0/ant-launcher-1.7.0.jar.sha1:/Users/arau/.m2/repository/org/apache/ant/ant-launcher/1.7.0/ant-launcher-1.7.0.pom:/Users/arau/.m2/repository/org/apache/ant/ant-launcher/1.7.0/ant-launcher-1.7.0.pom.sha1:/Users/arau/.m2/repository/org/apache/ant/ant-parent/1.7.0/ant-parent-1.7.0.pom:/Users/arau/.m2/repository/org/apache/ant/ant-parent/1.7.0/ant-parent-1.7.0.pom.sha1:/Users/arau/.m2/repository/org/apache/ant/ant/1.7.0/ant-1.7.0.jar:/Users/arau/.m2/repository/org/apache/ant/ant/1.7.0/ant-1.7.0.jar.sha1:/Users/arau/.m2/repository/org/apache/ant/ant/1.7.0/ant-1.7.0.pom:/Users/arau/.m2/repository/org/apache/ant/ant/1.7.0/ant-1.7.0.pom.sha1:/Users/arau/.m2/repository/org/apache/apache/1/apache-1.pom:/Users/arau/.m2/repository/org/apache/apache/1/apache-1.pom.sha1:/Users/arau/.m2/repository/org/apache/apache/3/apache-3.pom:/Users/arau/.m2/repository/org/apache/apache/3/apache-3.pom.sha1:/Users/arau/.m2/repository/org/apache/bcel/bcel/5.2/bcel-5.2.jar:/Users/arau/.m2/repository/org/apache/bcel/bcel/5.2/bcel-5.2.jar.sha1:/Users/arau/.m2/repository/org/apache/bcel/bcel/5.2/bcel-5.2.pom:/Users/arau/.m2/repository/org/apache/bcel/bcel/5.2/bcel-5.2.pom.sha1:/Users/arau/.m2/repository/org/apache/maven/doxia/doxia-core/1.0-alpha-7/doxia-core-1.0-alpha-7.pom:/Users/arau/.m2/repository/org/apache/maven/doxia/doxia-core/1.0-alpha-7/doxia-core-1.0-alpha-7.pom.sha1:/Users/arau/.m2/repository/org/apache/maven/doxia/doxia-core/1.0-alpha-8/doxia-core-1.0-alpha-8.jar:/Users/arau/.m2/repository/org/apache/maven/doxia/doxia-core/1.0-alpha-8/doxia-core-1.0-alpha-8.jar.sha1:/Users/arau/.m2/repository/org/apache/maven/doxia/doxia-core/1.0-alpha-8/doxia-core-1.0-alpha-8.pom:/Users/arau/.m2/repository/org/apache/maven/doxia/doxia-core/1.0-alpha-8/doxia-core-1.0-alpha-8.pom.sha1:/Users/arau/.m2/repository/org/apache/maven/doxia/doxia-decoration-model/1.0-alpha-8/doxia-decoration-model-1.0-alpha-8.jar:/Users/arau/.m2/repository/org/apache/maven/doxia/doxia-decoration-model/1.0-alpha-8/doxia-decoration-model-1.0-alpha-8.jar.sha1:/Users/arau/.m2/repository/org/apache/maven/doxia/doxia-decoration-model/1.0-alpha-8/doxia-decoration-model-1.0-alpha-8.pom:/Users/arau/.m2/repository/org/apache/maven/doxia/doxia-decoration-model/1.0-alpha-8/doxia-decoration-model-1.0-alpha-8.pom.sha1:/Users/arau/.m2/repository/org/apache/maven/doxia/doxia-sink-api/1.0-alpha-7/doxia-sink-api-1.0-alpha-7.pom:/Users/arau/.m2/repository/org/apache/maven/doxia/doxia-sink-api/1.0-alpha-7/doxia-sink-api-1.0-alpha-7.pom.sha1:/Users/arau/.m2/repository/org/apache/maven/doxia/doxia-sink-api/1.0-alpha-8/doxia-sink-api-1.0-alpha-8.pom:/Users/arau/.m2/repository/org/apache/maven/doxia/doxia-sink-api/1.0-alpha-8/doxia-sink-api-1.0-alpha-8.pom.sha1:/Users/arau/.m2/repository/org/apache/maven/doxia/doxia-site-renderer/1.0-alpha-7/doxia-site-renderer-1.0-alpha-7.pom:/Users/arau/.m2/repository/org/apache/maven/doxia/doxia-site-renderer/1.0-alpha-7/doxia-site-renderer-1.0-alpha-7.pom.sha1:/Users/arau/.m2/repository/org/apache/maven/doxia/doxia-site-renderer/1.0-alpha-8/doxia-site-renderer-1.0-alpha-8.jar:/Users/arau/.m2/repository/org/apache/maven/doxia/doxia-site-renderer/1.0-alpha-8/doxia-site-renderer-1.0-alpha-8.jar.sha1:/Users/arau/.m2/repository/org/apache/maven/doxia/doxia-site-renderer/1.0-alpha-8/doxia-site-renderer-1.0-alpha-8.pom:/Users/arau/.m2/repository/org/apache/maven/doxia/doxia-site-renderer/1.0-alpha-8/doxia-site-renderer-1.0-alpha-8.pom.sha1:/Users/arau/.m2/repository/org/apache/maven/doxia/doxia/1.0-alpha-7/doxia-1.0-alpha-7.pom:/Users/arau/.m2/repository/org/apache/maven/doxia/doxia/1.0-alpha-7/doxia-1.0-alpha-7.pom.sha1:/Users/arau/.m2/repository/org/apache/maven/doxia/doxia/1.0-alpha-8/doxia-1.0-alpha-8.pom:/Users/arau/.m2/repository/org/apache/maven/doxia/doxia/1.0-alpha-8/doxia-1.0-alpha-8.pom.sha1:/Users/arau/.m2/repository/org/apache/maven/maven-archiver/2.2/maven-archiver-2.2.jar:/Users/arau/.m2/repository/org/apache/maven/maven-archiver/2.2/maven-archiver-2.2.jar.sha1:/Users/arau/.m2/repository/org/apache/maven/maven-archiver/2.2/maven-archiver-2.2.pom:/Users/arau/.m2/repository/org/apache/maven/maven-archiver/2.2/maven-archiver-2.2.pom.sha1:/Users/arau/.m2/repository/org/apache/maven/maven-artifact-manager/2.0-beta-1/maven-artifact-manager-2.0-beta-1.pom:/Users/arau/.m2/repository/org/apache/maven/maven-artifact-manager/2.0-beta-1/maven-artifact-manager-2.0-beta-1.pom.sha1:/Users/arau/.m2/repository/org/apache/maven/maven-artifact-manager/2.0.1/maven-artifact-manager-2.0.1.pom:/Users/arau/.m2/repository/org/apache/maven/maven-artifact-manager/2.0.1/maven-artifact-manager-2.0.1.pom.sha1:/Users/arau/.m2/repository/org/apache/maven/maven-artifact-manager/2.0.2/maven-artifact-manager-2.0.2.pom:/Users/arau/.m2/repository/org/apache/maven/maven-artifact-manager/2.0.2/maven-artifact-manager-2.0.2.pom.sha1:/Users/arau/.m2/repository/org/apache/maven/maven-artifact-manager/2.0.3/maven-artifact-manager-2.0.3.pom:/Users/arau/.m2/repository/org/apache/maven/maven-artifact-manager/2.0.3/maven-artifact-manager-2.0.3.pom.sha1:/Users/arau/.m2/repository/org/apache/maven/maven-artifact-manager/2.0.4/maven-artifact-manager-2.0.4.pom:/Users/arau/.m2/repository/org/apache/maven/maven-artifact-manager/2.0.4/maven-artifact-manager-2.0.4.pom.sha1:/Users/arau/.m2/repository/org/apache/maven/maven-artifact-manager/2.0.5/maven-artifact-manager-2.0.5.pom:/Users/arau/.m2/repository/org/apache/maven/maven-artifact-manager/2.0.5/maven-artifact-manager-2.0.5.pom.sha1:/Users/arau/.m2/repository/org/apache/maven/maven-artifact-manager/2.0.6/maven-artifact-manager-2.0.6.pom:/Users/arau/.m2/repository/org/apache/maven/maven-artifact-manager/2.0.6/maven-artifact-manager-2.0.6.pom.sha1:/Users/arau/.m2/repository/org/apache/maven/maven-artifact-manager/2.0/maven-artifact-manager-2.0.pom:/Users/arau/.m2/repository/org/apache/maven/maven-artifact-manager/2.0/maven-artifact-manager-2.0.pom.sha1:/Users/arau/.m2/repository/org/apache/maven/maven-artifact/2.0-beta-1/maven-artifact-2.0-beta-1.pom:/Users/arau/.m2/repository/org/apache/maven/maven-artifact/2.0-beta-1/maven-artifact-2.0-beta-1.pom.sha1:/Users/arau/.m2/repository/org/apache/maven/maven-artifact/2.0.1/maven-artifact-2.0.1.pom:/Users/arau/.m2/repository/org/apache/maven/maven-artifact/2.0.1/maven-artifact-2.0.1.pom.sha1:/Users/arau/.m2/repository/org/apache/maven/maven-artifact/2.0.2/maven-artifact-2.0.2.pom:/Users/arau/.m2/repository/org/apache/maven/maven-artifact/2.0.2/maven-artifact-2.0.2.pom.sha1:/Users/arau/.m2/repository/org/apache/maven/maven-artifact/2.0.3/maven-artifact-2.0.3.pom:/Users/arau/.m2/repository/org/apache/maven/maven-artifact/2.0.3/maven-artifact-2.0.3.pom.sha1:/Users/arau/.m2/repository/org/apache/maven/maven-artifact/2.0.4/maven-artifact-2.0.4.pom:/Users/arau/.m2/repository/org/apache/maven/maven-artifact/2.0.4/maven-artifact-2.0.4.pom.sha1:/Users/arau/.m2/repository/org/apache/maven/maven-artifact/2.0.5/maven-artifact-2.0.5.pom:/Users/arau/.m2/repository/org/apache/maven/maven-artifact/2.0.5/maven-artifact-2.0.5.pom.sha1:/Users/arau/.m2/repository/org/apache/maven/maven-artifact/2.0.6/maven-artifact-2.0.6.pom:/Users/arau/.m2/repository/org/apache/maven/maven-artifact/2.0.6/maven-artifact-2.0.6.pom.sha1:/Users/arau/.m2/repository/org/apache/maven/maven-artifact/2.0/maven-artifact-2.0-sources.jar:/Users/arau/.m2/repository/org/apache/maven/maven-artifact/2.0/maven-artifact-2.0-sources.jar.sha1:/Users/arau/.m2/repository/org/apache/maven/maven-artifact/2.0/maven-artifact-2.0.jar:/Users/arau/.m2/repository/org/apache/maven/maven-artifact/2.0/maven-artifact-2.0.jar.sha1:/Users/arau/.m2/repository/org/apache/maven/maven-artifact/2.0/maven-artifact-2.0.pom:/Users/arau/.m2/repository/org/apache/maven/maven-artifact/2.0/maven-artifact-2.0.pom.sha1:/Users/arau/.m2/repository/org/apache/maven/maven-core/2.0.4/maven-core-2.0.4.pom:/Users/arau/.m2/repository/org/apache/maven/maven-core/2.0.4/maven-core-2.0.4.pom.sha1:/Users/arau/.m2/repository/org/apache/maven/maven-error-diagnostics/2.0.4/maven-error-diagnostics-2.0.4.pom:/Users/arau/.m2/repository/org/apache/maven/maven-error-diagnostics/2.0.4/maven-error-diagnostics-2.0.4.pom.sha1:/Users/arau/.m2/repository/org/apache/maven/maven-model/2.0-beta-1/maven-model-2.0-beta-1.pom:/Users/arau/.m2/repository/org/apache/maven/maven-model/2.0-beta-1/maven-model-2.0-beta-1.pom.sha1:/Users/arau/.m2/repository/org/apache/maven/maven-model/2.0.1/maven-model-2.0.1.pom:/Users/arau/.m2/repository/org/apache/maven/maven-model/2.0.1/maven-model-2.0.1.pom.sha1:/Users/arau/.m2/repository/org/apache/maven/maven-model/2.0.4/maven-model-2.0.4.pom:/Users/arau/.m2/repository/org/apache/maven/maven-model/2.0.4/maven-model-2.0.4.pom.sha1:/Users/arau/.m2/repository/org/apache/maven/maven-model/2.0.5/maven-model-2.0.5.pom:/Users/arau/.m2/repository/org/apache/maven/maven-model/2.0.5/maven-model-2.0.5.pom.sha1:/Users/arau/.m2/repository/org/apache/maven/maven-model/2.0.6/maven-model-2.0.6.pom:/Users/arau/.m2/repository/org/apache/maven/maven-model/2.0.6/maven-model-2.0.6.pom.sha1:/Users/arau/.m2/repository/org/apache/maven/maven-model/2.0/maven-model-2.0.pom:/Users/arau/.m2/repository/org/apache/maven/maven-model/2.0/maven-model-2.0.pom.sha1:/Users/arau/.m2/repository/org/apache/maven/maven-monitor/2.0.4/maven-monitor-2.0.4.pom:/Users/arau/.m2/repository/org/apache/maven/maven-monitor/2.0.4/maven-monitor-2.0.4.pom.sha1:/Users/arau/.m2/repository/org/apache/maven/maven-parent/1/maven-parent-1.pom:/Users/arau/.m2/repository/org/apache/maven/maven-parent/1/maven-parent-1.pom.sha1:/Users/arau/.m2/repository/org/apache/maven/maven-parent/4/maven-parent-4.pom:/Users/arau/.m2/repository/org/apache/maven/maven-parent/4/maven-parent-4.pom.sha1:/Users/arau/.m2/repository/org/apache/maven/maven-parent/5/maven-parent-5.pom:/Users/arau/.m2/repository/org/apache/maven/maven-parent/5/maven-parent-5.pom.sha1:/Users/arau/.m2/repository/org/apache/maven/maven-plugin-api/2.0-beta-1/maven-plugin-api-2.0-beta-1.pom:/Users/arau/.m2/repository/org/apache/maven/maven-plugin-api/2.0-beta-1/maven-plugin-api-2.0-beta-1.pom.sha1:/Users/arau/.m2/repository/org/apache/maven/maven-plugin-api/2.0.1/maven-plugin-api-2.0.1.pom:/Users/arau/.m2/repository/org/apache/maven/maven-plugin-api/2.0.1/maven-plugin-api-2.0.1.pom.sha1:/Users/arau/.m2/repository/org/apache/maven/maven-plugin-api/2.0.4/maven-plugin-api-2.0.4.pom:/Users/arau/.m2/repository/org/apache/maven/maven-plugin-api/2.0.4/maven-plugin-api-2.0.4.pom.sha1:/Users/arau/.m2/repository/org/apache/maven/maven-plugin-api/2.0.5/maven-plugin-api-2.0.5.pom:/Users/arau/.m2/repository/org/apache/maven/maven-plugin-api/2.0.5/maven-plugin-api-2.0.5.pom.sha1:/Users/arau/.m2/repository/org/apache/maven/maven-plugin-api/2.0.6/maven-plugin-api-2.0.6.pom:/Users/arau/.m2/repository/org/apache/maven/maven-plugin-api/2.0.6/maven-plugin-api-2.0.6.pom.sha1:/Users/arau/.m2/repository/org/apache/maven/maven-plugin-api/2.0/maven-plugin-api-2.0-sources.jar:/Users/arau/.m2/repository/org/apache/maven/maven-plugin-api/2.0/maven-plugin-api-2.0-sources.jar.sha1:/Users/arau/.m2/repository/org/apache/maven/maven-plugin-api/2.0/maven-plugin-api-2.0.jar:/Users/arau/.m2/repository/org/apache/maven/maven-plugin-api/2.0/maven-plugin-api-2.0.jar.sha1:/Users/arau/.m2/repository/org/apache/maven/maven-plugin-api/2.0/maven-plugin-api-2.0.pom:/Users/arau/.m2/repository/org/apache/maven/maven-plugin-api/2.0/maven-plugin-api-2.0.pom.sha1:/Users/arau/.m2/repository/org/apache/maven/maven-plugin-descriptor/2.0.4/maven-plugin-descriptor-2.0.4.pom:/Users/arau/.m2/repository/org/apache/maven/maven-plugin-descriptor/2.0.4/maven-plugin-descriptor-2.0.4.pom.sha1:/Users/arau/.m2/repository/org/apache/maven/maven-plugin-descriptor/2.0.5/maven-plugin-descriptor-2.0.5.pom:/Users/arau/.m2/repository/org/apache/maven/maven-plugin-descriptor/2.0.5/maven-plugin-descriptor-2.0.5.pom.sha1:/Users/arau/.m2/repository/org/apache/maven/maven-plugin-parameter-documenter/2.0.4/maven-plugin-parameter-documenter-2.0.4.pom:/Users/arau/.m2/repository/org/apache/maven/maven-plugin-parameter-documenter/2.0.4/maven-plugin-parameter-documenter-2.0.4.pom.sha1:/Users/arau/.m2/repository/org/apache/maven/maven-plugin-registry/2.0.4/maven-plugin-registry-2.0.4.pom:/Users/arau/.m2/repository/org/apache/maven/maven-plugin-registry/2.0.4/maven-plugin-registry-2.0.4.pom.sha1:/Users/arau/.m2/repository/org/apache/maven/maven-plugin-registry/2.0.6/maven-plugin-registry-2.0.6.pom:/Users/arau/.m2/repository/org/apache/maven/maven-plugin-registry/2.0.6/maven-plugin-registry-2.0.6.pom.sha1:/Users/arau/.m2/repository/org/apache/maven/maven-plugin-registry/2.0/maven-plugin-registry-2.0.pom:/Users/arau/.m2/repository/org/apache/maven/maven-plugin-registry/2.0/maven-plugin-registry-2.0.pom.sha1:/Users/arau/.m2/repository/org/apache/maven/maven-plugin-surrogate-parent/5/maven-plugin-surrogate-parent-5.pom:/Users/arau/.m2/repository/org/apache/maven/maven-plugin-surrogate-parent/5/maven-plugin-surrogate-parent-5.pom.sha1:/Users/arau/.m2/repository/org/apache/maven/maven-plugin-tools-api/2.1/maven-plugin-tools-api-2.1.jar:/Users/arau/.m2/repository/org/apache/maven/maven-plugin-tools-api/2.1/maven-plugin-tools-api-2.1.jar.sha1:/Users/arau/.m2/repository/org/apache/maven/maven-plugin-tools-api/2.1/maven-plugin-tools-api-2.1.pom:/Users/arau/.m2/repository/org/apache/maven/maven-plugin-tools-api/2.1/maven-plugin-tools-api-2.1.pom.sha1:/Users/arau/.m2/repository/org/apache/maven/maven-plugin-tools-beanshell/2.1/maven-plugin-tools-beanshell-2.1.jar:/Users/arau/.m2/repository/org/apache/maven/maven-plugin-tools-beanshell/2.1/maven-plugin-tools-beanshell-2.1.jar.sha1:/Users/arau/.m2/repository/org/apache/maven/maven-plugin-tools-beanshell/2.1/maven-plugin-tools-beanshell-2.1.pom:/Users/arau/.m2/repository/org/apache/maven/maven-plugin-tools-beanshell/2.1/maven-plugin-tools-beanshell-2.1.pom.sha1:/Users/arau/.m2/repository/org/apache/maven/maven-plugin-tools-java/2.1/maven-plugin-tools-java-2.1.jar:/Users/arau/.m2/repository/org/apache/maven/maven-plugin-tools-java/2.1/maven-plugin-tools-java-2.1.jar.sha1:/Users/arau/.m2/repository/org/apache/maven/maven-plugin-tools-java/2.1/maven-plugin-tools-java-2.1.pom:/Users/arau/.m2/repository/org/apache/maven/maven-plugin-tools-java/2.1/maven-plugin-tools-java-2.1.pom.sha1:/Users/arau/.m2/repository/org/apache/maven/maven-plugin-tools/2.1/maven-plugin-tools-2.1.pom:/Users/arau/.m2/repository/org/apache/maven/maven-plugin-tools/2.1/maven-plugin-tools-2.1.pom.sha1:/Users/arau/.m2/repository/org/apache/maven/maven-profile/2.0-beta-1/maven-profile-2.0-beta-1.pom:/Users/arau/.m2/repository/org/apache/maven/maven-profile/2.0-beta-1/maven-profile-2.0-beta-1.pom.sha1:/Users/arau/.m2/repository/org/apache/maven/maven-profile/2.0.1/maven-profile-2.0.1.pom:/Users/arau/.m2/repository/org/apache/maven/maven-profile/2.0.1/maven-profile-2.0.1.pom.sha1:/Users/arau/.m2/repository/org/apache/maven/maven-profile/2.0.4/maven-profile-2.0.4.pom:/Users/arau/.m2/repository/org/apache/maven/maven-profile/2.0.4/maven-profile-2.0.4.pom.sha1:/Users/arau/.m2/repository/org/apache/maven/maven-profile/2.0.5/maven-profile-2.0.5.pom:/Users/arau/.m2/repository/org/apache/maven/maven-profile/2.0.5/maven-profile-2.0.5.pom.sha1:/Users/arau/.m2/repository/org/apache/maven/maven-profile/2.0.6/maven-profile-2.0.6.pom:/Users/arau/.m2/repository/org/apache/maven/maven-profile/2.0.6/maven-profile-2.0.6.pom.sha1:/Users/arau/.m2/repository/org/apache/maven/maven-profile/2.0/maven-profile-2.0.pom:/Users/arau/.m2/repository/org/apache/maven/maven-profile/2.0/maven-profile-2.0.pom.sha1:/Users/arau/.m2/repository/org/apache/maven/maven-project/2.0-beta-1/maven-project-2.0-beta-1.pom:/Users/arau/.m2/repository/org/apache/maven/maven-project/2.0-beta-1/maven-project-2.0-beta-1.pom.sha1:/Users/arau/.m2/repository/org/apache/maven/maven-project/2.0.1/maven-project-2.0.1.pom:/Users/arau/.m2/repository/org/apache/maven/maven-project/2.0.1/maven-project-2.0.1.pom.sha1:/Users/arau/.m2/repository/org/apache/maven/maven-project/2.0.3/maven-project-2.0.3.pom:/Users/arau/.m2/repository/org/apache/maven/maven-project/2.0.3/maven-project-2.0.3.pom.sha1:/Users/arau/.m2/repository/org/apache/maven/maven-project/2.0.4/maven-project-2.0.4.pom:/Users/arau/.m2/repository/org/apache/maven/maven-project/2.0.4/maven-project-2.0.4.pom.sha1:/Users/arau/.m2/repository/org/apache/maven/maven-project/2.0.5/maven-project-2.0.5.pom:/Users/arau/.m2/repository/org/apache/maven/maven-project/2.0.5/maven-project-2.0.5.pom.sha1:/Users/arau/.m2/repository/org/apache/maven/maven-project/2.0.6/maven-project-2.0.6.pom:/Users/arau/.m2/repository/org/apache/maven/maven-project/2.0.6/maven-project-2.0.6.pom.sha1:/Users/arau/.m2/repository/org/apache/maven/maven-project/2.0/maven-project-2.0.pom:/Users/arau/.m2/repository/org/apache/maven/maven-project/2.0/maven-project-2.0.pom.sha1:/Users/arau/.m2/repository/org/apache/maven/maven-repository-metadata/2.0-beta-1/maven-repository-metadata-2.0-beta-1.pom:/Users/arau/.m2/repository/org/apache/maven/maven-repository-metadata/2.0-beta-1/maven-repository-metadata-2.0-beta-1.pom.sha1:/Users/arau/.m2/repository/org/apache/maven/maven-repository-metadata/2.0.1/maven-repository-metadata-2.0.1.pom:/Users/arau/.m2/repository/org/apache/maven/maven-repository-metadata/2.0.1/maven-repository-metadata-2.0.1.pom.sha1:/Users/arau/.m2/repository/org/apache/maven/maven-repository-metadata/2.0.4/maven-repository-metadata-2.0.4.pom:/Users/arau/.m2/repository/org/apache/maven/maven-repository-metadata/2.0.4/maven-repository-metadata-2.0.4.pom.sha1:/Users/arau/.m2/repository/org/apache/maven/maven-repository-metadata/2.0.5/maven-repository-metadata-2.0.5.pom:/Users/arau/.m2/repository/org/apache/maven/maven-repository-metadata/2.0.5/maven-repository-metadata-2.0.5.pom.sha1:/Users/arau/.m2/repository/org/apache/maven/maven-repository-metadata/2.0.6/maven-repository-metadata-2.0.6.pom:/Users/arau/.m2/repository/org/apache/maven/maven-repository-metadata/2.0.6/maven-repository-metadata-2.0.6.pom.sha1:/Users/arau/.m2/repository/org/apache/maven/maven-repository-metadata/2.0/maven-repository-metadata-2.0.pom:/Users/arau/.m2/repository/org/apache/maven/maven-repository-metadata/2.0/maven-repository-metadata-2.0.pom.sha1:/Users/arau/.m2/repository/org/apache/maven/maven-settings/2.0.4/maven-settings-2.0.4.pom:/Users/arau/.m2/repository/org/apache/maven/maven-settings/2.0.4/maven-settings-2.0.4.pom.sha1:/Users/arau/.m2/repository/org/apache/maven/maven-settings/2.0.5/maven-settings-2.0.5.pom:/Users/arau/.m2/repository/org/apache/maven/maven-settings/2.0.5/maven-settings-2.0.5.pom.sha1:/Users/arau/.m2/repository/org/apache/maven/maven-settings/2.0.6/maven-settings-2.0.6.pom:/Users/arau/.m2/repository/org/apache/maven/maven-settings/2.0.6/maven-settings-2.0.6.pom.sha1:/Users/arau/.m2/repository/org/apache/maven/maven-settings/2.0/maven-settings-2.0.pom:/Users/arau/.m2/repository/org/apache/maven/maven-settings/2.0/maven-settings-2.0.pom.sha1:/Users/arau/.m2/repository/org/apache/maven/maven/2.0-beta-1/maven-2.0-beta-1.pom:/Users/arau/.m2/repository/org/apache/maven/maven/2.0-beta-1/maven-2.0-beta-1.pom.sha1:/Users/arau/.m2/repository/org/apache/maven/maven/2.0.1/maven-2.0.1.pom:/Users/arau/.m2/repository/org/apache/maven/maven/2.0.1/maven-2.0.1.pom.sha1:/Users/arau/.m2/repository/org/apache/maven/maven/2.0.2/maven-2.0.2.pom:/Users/arau/.m2/repository/org/apache/maven/maven/2.0.2/maven-2.0.2.pom.sha1:/Users/arau/.m2/repository/org/apache/maven/maven/2.0.3/maven-2.0.3.pom:/Users/arau/.m2/repository/org/apache/maven/maven/2.0.3/maven-2.0.3.pom.sha1:/Users/arau/.m2/repository/org/apache/maven/maven/2.0.4/maven-2.0.4.pom:/Users/arau/.m2/repository/org/apache/maven/maven/2.0.4/maven-2.0.4.pom.sha1:/Users/arau/.m2/repository/org/apache/maven/maven/2.0.5/maven-2.0.5.pom:/Users/arau/.m2/repository/org/apache/maven/maven/2.0.5/maven-2.0.5.pom.sha1:/Users/arau/.m2/repository/org/apache/maven/maven/2.0.6/maven-2.0.6.pom:/Users/arau/.m2/repository/org/apache/maven/maven/2.0/maven-2.0.pom:/Users/arau/.m2/repository/org/apache/maven/maven/2.0/maven-2.0.pom.sha1:/Users/arau/.m2/repository/org/apache/maven/plugins/maven-ant-plugin/2.0-beta-1/maven-ant-plugin-2.0-beta-1.jar:/Users/arau/.m2/repository/org/apache/maven/plugins/maven-ant-plugin/2.0-beta-1/maven-ant-plugin-2.0-beta-1.jar.sha1:/Users/arau/.m2/repository/org/apache/maven/plugins/maven-ant-plugin/2.0-beta-1/maven-ant-plugin-2.0-beta-1.pom:/Users/arau/.m2/repository/org/apache/maven/plugins/maven-ant-plugin/2.0-beta-1/maven-ant-plugin-2.0-beta-1.pom.sha1:/Users/arau/.m2/repository/org/apache/maven/plugins/maven-ant-plugin/maven-metadata-central.xml:/Users/arau/.m2/repository/org/apache/maven/plugins/maven-ant-plugin/maven-metadata-central.xml.sha1:/Users/arau/.m2/repository/org/apache/maven/plugins/maven-assembly-plugin/2.2-beta-1/maven-assembly-plugin-2.2-beta-1.jar:/Users/arau/.m2/repository/org/apache/maven/plugins/maven-assembly-plugin/2.2-beta-1/maven-assembly-plugin-2.2-beta-1.jar.sha1:/Users/arau/.m2/repository/org/apache/maven/plugins/maven-assembly-plugin/2.2-beta-1/maven-assembly-plugin-2.2-beta-1.pom:/Users/arau/.m2/repository/org/apache/maven/plugins/maven-assembly-plugin/2.2-beta-1/maven-assembly-plugin-2.2-beta-1.pom.sha1:/Users/arau/.m2/repository/org/apache/maven/plugins/maven-assembly-plugin/maven-metadata-central.xml:/Users/arau/.m2/repository/org/apache/maven/plugins/maven-assembly-plugin/maven-metadata-central.xml.sha1:/Users/arau/.m2/repository/org/apache/maven/plugins/maven-clean-plugin/2.1.1/maven-clean-plugin-2.1.1.jar:/Users/arau/.m2/repository/org/apache/maven/plugins/maven-clean-plugin/2.1.1/maven-clean-plugin-2.1.1.jar.sha1:/Users/arau/.m2/repository/org/apache/maven/plugins/maven-clean-plugin/2.1.1/maven-clean-plugin-2.1.1.pom:/Users/arau/.m2/repository/org/apache/maven/plugins/maven-clean-plugin/2.1.1/maven-clean-plugin-2.1.1.pom.sha1:/Users/arau/.m2/repository/org/apache/maven/plugins/maven-clean-plugin/maven-metadata-central.xml:/Users/arau/.m2/repository/org/apache/maven/plugins/maven-clean-plugin/maven-metadata-central.xml.sha1:/Users/arau/.m2/repository/org/apache/maven/plugins/maven-compiler-plugin/2.0.2/maven-compiler-plugin-2.0.2.jar:/Users/arau/.m2/repository/org/apache/maven/plugins/maven-compiler-plugin/2.0.2/maven-compiler-plugin-2.0.2.jar.sha1:/Users/arau/.m2/repository/org/apache/maven/plugins/maven-compiler-plugin/2.0.2/maven-compiler-plugin-2.0.2.pom:/Users/arau/.m2/repository/org/apache/maven/plugins/maven-compiler-plugin/2.0.2/maven-compiler-plugin-2.0.2.pom.sha1:/Users/arau/.m2/repository/org/apache/maven/plugins/maven-compiler-plugin/maven-metadata-central.xml:/Users/arau/.m2/repository/org/apache/maven/plugins/maven-compiler-plugin/maven-metadata-central.xml.sha1:/Users/arau/.m2/repository/org/apache/maven/plugins/maven-dependencies-plugin/maven-metadata-central.xml:/Users/arau/.m2/repository/org/apache/maven/plugins/maven-dependency-plugin/2.0-alpha-4/maven-dependency-plugin-2.0-alpha-4.jar:/Users/arau/.m2/repository/org/apache/maven/plugins/maven-dependency-plugin/2.0-alpha-4/maven-dependency-plugin-2.0-alpha-4.jar.sha1:/Users/arau/.m2/repository/org/apache/maven/plugins/maven-dependency-plugin/2.0-alpha-4/maven-dependency-plugin-2.0-alpha-4.pom:/Users/arau/.m2/repository/org/apache/maven/plugins/maven-dependency-plugin/2.0-alpha-4/maven-dependency-plugin-2.0-alpha-4.pom.sha1:/Users/arau/.m2/repository/org/apache/maven/plugins/maven-dependency-plugin/maven-metadata-central.xml:/Users/arau/.m2/repository/org/apache/maven/plugins/maven-dependency-plugin/maven-metadata-central.xml.sha1:/Users/arau/.m2/repository/org/apache/maven/plugins/maven-eclipse-plugin/2.3/maven-eclipse-plugin-2.3.jar:/Users/arau/.m2/repository/org/apache/maven/plugins/maven-eclipse-plugin/2.3/maven-eclipse-plugin-2.3.jar.sha1:/Users/arau/.m2/repository/org/apache/maven/plugins/maven-eclipse-plugin/2.3/maven-eclipse-plugin-2.3.pom:/Users/arau/.m2/repository/org/apache/maven/plugins/maven-eclipse-plugin/2.3/maven-eclipse-plugin-2.3.pom.sha1:/Users/arau/.m2/repository/org/apache/maven/plugins/maven-eclipse-plugin/maven-metadata-central.xml:/Users/arau/.m2/repository/org/apache/maven/plugins/maven-eclipse-plugin/maven-metadata-central.xml.sha1:/Users/arau/.m2/repository/org/apache/maven/plugins/maven-install-plugin/2.2/maven-install-plugin-2.2.jar:/Users/arau/.m2/repository/org/apache/maven/plugins/maven-install-plugin/2.2/maven-install-plugin-2.2.jar.sha1:/Users/arau/.m2/repository/org/apache/maven/plugins/maven-install-plugin/2.2/maven-install-plugin-2.2.pom:/Users/arau/.m2/repository/org/apache/maven/plugins/maven-install-plugin/2.2/maven-install-plugin-2.2.pom.sha1:/Users/arau/.m2/repository/org/apache/maven/plugins/maven-install-plugin/maven-metadata-central.xml:/Users/arau/.m2/repository/org/apache/maven/plugins/maven-install-plugin/maven-metadata-central.xml.sha1:/Users/arau/.m2/repository/org/apache/maven/plugins/maven-jar-plugin/2.1/maven-jar-plugin-2.1.jar:/Users/arau/.m2/repository/org/apache/maven/plugins/maven-jar-plugin/2.1/maven-jar-plugin-2.1.jar.sha1:/Users/arau/.m2/repository/org/apache/maven/plugins/maven-jar-plugin/2.1/maven-jar-plugin-2.1.pom:/Users/arau/.m2/repository/org/apache/maven/plugins/maven-jar-plugin/2.1/maven-jar-plugin-2.1.pom.sha1:/Users/arau/.m2/repository/org/apache/maven/plugins/maven-jar-plugin/maven-metadata-central.xml:/Users/arau/.m2/repository/org/apache/maven/plugins/maven-jar-plugin/maven-metadata-central.xml.sha1:/Users/arau/.m2/repository/org/apache/maven/plugins/maven-metadata-central.xml:/Users/arau/.m2/repository/org/apache/maven/plugins/maven-metadata-central.xml.sha1:/Users/arau/.m2/repository/org/apache/maven/plugins/maven-plugin-parent/2.0-beta-1/maven-plugin-parent-2.0-beta-1.pom:/Users/arau/.m2/repository/org/apache/maven/plugins/maven-plugin-parent/2.0-beta-1/maven-plugin-parent-2.0-beta-1.pom.sha1:/Users/arau/.m2/repository/org/apache/maven/plugins/maven-plugin-plugin/2.3/maven-plugin-plugin-2.3.jar:/Users/arau/.m2/repository/org/apache/maven/plugins/maven-plugin-plugin/2.3/maven-plugin-plugin-2.3.jar.sha1:/Users/arau/.m2/repository/org/apache/maven/plugins/maven-plugin-plugin/2.3/maven-plugin-plugin-2.3.pom:/Users/arau/.m2/repository/org/apache/maven/plugins/maven-plugin-plugin/2.3/maven-plugin-plugin-2.3.pom.sha1:/Users/arau/.m2/repository/org/apache/maven/plugins/maven-plugin-plugin/maven-metadata-central.xml:/Users/arau/.m2/repository/org/apache/maven/plugins/maven-plugin-plugin/maven-metadata-central.xml.sha1:/Users/arau/.m2/repository/org/apache/maven/plugins/maven-plugins/1/maven-plugins-1.pom:/Users/arau/.m2/repository/org/apache/maven/plugins/maven-plugins/1/maven-plugins-1.pom.sha1:/Users/arau/.m2/repository/org/apache/maven/plugins/maven-plugins/3/maven-plugins-3.pom:/Users/arau/.m2/repository/org/apache/maven/plugins/maven-plugins/3/maven-plugins-3.pom.sha1:/Users/arau/.m2/repository/org/apache/maven/plugins/maven-plugins/7/maven-plugins-7.pom:/Users/arau/.m2/repository/org/apache/maven/plugins/maven-plugins/7/maven-plugins-7.pom.sha1:/Users/arau/.m2/repository/org/apache/maven/plugins/maven-plugins/8/maven-plugins-8.pom:/Users/arau/.m2/repository/org/apache/maven/plugins/maven-plugins/8/maven-plugins-8.pom.sha1:/Users/arau/.m2/repository/org/apache/maven/plugins/maven-project-info-reports-plugin/2.0.1/maven-project-info-reports-plugin-2.0.1.jar:/Users/arau/.m2/repository/org/apache/maven/plugins/maven-project-info-reports-plugin/2.0.1/maven-project-info-reports-plugin-2.0.1.jar.sha1:/Users/arau/.m2/repository/org/apache/maven/plugins/maven-project-info-reports-plugin/2.0.1/maven-project-info-reports-plugin-2.0.1.pom:/Users/arau/.m2/repository/org/apache/maven/plugins/maven-project-info-reports-plugin/2.0.1/maven-project-info-reports-plugin-2.0.1.pom.sha1:/Users/arau/.m2/repository/org/apache/maven/plugins/maven-project-info-reports-plugin/maven-metadata-central.xml:/Users/arau/.m2/repository/org/apache/maven/plugins/maven-project-info-reports-plugin/maven-metadata-central.xml.sha1:/Users/arau/.m2/repository/org/apache/maven/plugins/maven-resources-plugin/2.2/maven-resources-plugin-2.2.jar:/Users/arau/.m2/repository/org/apache/maven/plugins/maven-resources-plugin/2.2/maven-resources-plugin-2.2.jar.sha1:/Users/arau/.m2/repository/org/apache/maven/plugins/maven-resources-plugin/2.2/maven-resources-plugin-2.2.pom:/Users/arau/.m2/repository/org/apache/maven/plugins/maven-resources-plugin/2.2/maven-resources-plugin-2.2.pom.sha1:/Users/arau/.m2/repository/org/apache/maven/plugins/maven-resources-plugin/maven-metadata-central.xml:/Users/arau/.m2/repository/org/apache/maven/plugins/maven-resources-plugin/maven-metadata-central.xml.sha1:/Users/arau/.m2/repository/org/apache/maven/plugins/maven-site-plugin/2.0-beta-5/maven-site-plugin-2.0-beta-5.jar:/Users/arau/.m2/repository/org/apache/maven/plugins/maven-site-plugin/2.0-beta-5/maven-site-plugin-2.0-beta-5.jar.sha1:/Users/arau/.m2/repository/org/apache/maven/plugins/maven-site-plugin/2.0-beta-5/maven-site-plugin-2.0-beta-5.pom:/Users/arau/.m2/repository/org/apache/maven/plugins/maven-site-plugin/2.0-beta-5/maven-site-plugin-2.0-beta-5.pom.sha1:/Users/arau/.m2/repository/org/apache/maven/plugins/maven-site-plugin/maven-metadata-central.xml:/Users/arau/.m2/repository/org/apache/maven/plugins/maven-site-plugin/maven-metadata-central.xml.sha1:/Users/arau/.m2/repository/org/apache/maven/plugins/maven-surefire-plugin/2.3/maven-surefire-plugin-2.3.jar:/Users/arau/.m2/repository/org/apache/maven/plugins/maven-surefire-plugin/2.3/maven-surefire-plugin-2.3.jar.sha1:/Users/arau/.m2/repository/org/apache/maven/plugins/maven-surefire-plugin/2.3/maven-surefire-plugin-2.3.pom:/Users/arau/.m2/repository/org/apache/maven/plugins/maven-surefire-plugin/2.3/maven-surefire-plugin-2.3.pom.sha1:/Users/arau/.m2/repository/org/apache/maven/plugins/maven-surefire-plugin/maven-metadata-central.xml:/Users/arau/.m2/repository/org/apache/maven/plugins/maven-surefire-plugin/maven-metadata-central.xml.sha1:/Users/arau/.m2/repository/org/apache/maven/plugins/maven-surefire-report-plugin/2.3/maven-surefire-report-plugin-2.3.jar:/Users/arau/.m2/repository/org/apache/maven/plugins/maven-surefire-report-plugin/2.3/maven-surefire-report-plugin-2.3.jar.sha1:/Users/arau/.m2/repository/org/apache/maven/plugins/maven-surefire-report-plugin/2.3/maven-surefire-report-plugin-2.3.pom:/Users/arau/.m2/repository/org/apache/maven/plugins/maven-surefire-report-plugin/2.3/maven-surefire-report-plugin-2.3.pom.sha1:/Users/arau/.m2/repository/org/apache/maven/plugins/maven-surefire-report-plugin/maven-metadata-central.xml:/Users/arau/.m2/repository/org/apache/maven/plugins/maven-surefire-report-plugin/maven-metadata-central.xml.sha1:/Users/arau/.m2/repository/org/apache/maven/reporting/maven-reporting-api/2.0.2/maven-reporting-api-2.0.2.pom:/Users/arau/.m2/repository/org/apache/maven/reporting/maven-reporting-api/2.0.2/maven-reporting-api-2.0.2.pom.sha1:/Users/arau/.m2/repository/org/apache/maven/reporting/maven-reporting-api/2.0.4/maven-reporting-api-2.0.4.pom:/Users/arau/.m2/repository/org/apache/maven/reporting/maven-reporting-api/2.0.4/maven-reporting-api-2.0.4.pom.sha1:/Users/arau/.m2/repository/org/apache/maven/reporting/maven-reporting-api/2.0/maven-reporting-api-2.0.pom:/Users/arau/.m2/repository/org/apache/maven/reporting/maven-reporting-api/2.0/maven-reporting-api-2.0.pom.sha1:/Users/arau/.m2/repository/org/apache/maven/reporting/maven-reporting-impl/2.0.4/maven-reporting-impl-2.0.4.jar:/Users/arau/.m2/repository/org/apache/maven/reporting/maven-reporting-impl/2.0.4/maven-reporting-impl-2.0.4.jar.sha1:/Users/arau/.m2/repository/org/apache/maven/reporting/maven-reporting-impl/2.0.4/maven-reporting-impl-2.0.4.pom:/Users/arau/.m2/repository/org/apache/maven/reporting/maven-reporting-impl/2.0.4/maven-reporting-impl-2.0.4.pom.sha1:/Users/arau/.m2/repository/org/apache/maven/reporting/maven-reporting-impl/2.0/maven-reporting-impl-2.0.jar:/Users/arau/.m2/repository/org/apache/maven/reporting/maven-reporting-impl/2.0/maven-reporting-impl-2.0.jar.sha1:/Users/arau/.m2/repository/org/apache/maven/reporting/maven-reporting-impl/2.0/maven-reporting-impl-2.0.pom:/Users/arau/.m2/repository/org/apache/maven/reporting/maven-reporting-impl/2.0/maven-reporting-impl-2.0.pom.sha1:/Users/arau/.m2/repository/org/apache/maven/reporting/maven-reporting/2.0.2/maven-reporting-2.0.2.pom:/Users/arau/.m2/repository/org/apache/maven/reporting/maven-reporting/2.0.2/maven-reporting-2.0.2.pom.sha1:/Users/arau/.m2/repository/org/apache/maven/reporting/maven-reporting/2.0.4/maven-reporting-2.0.4.pom:/Users/arau/.m2/repository/org/apache/maven/reporting/maven-reporting/2.0.4/maven-reporting-2.0.4.pom.sha1:/Users/arau/.m2/repository/org/apache/maven/reporting/maven-reporting/2.0/maven-reporting-2.0.pom:/Users/arau/.m2/repository/org/apache/maven/reporting/maven-reporting/2.0/maven-reporting-2.0.pom.sha1:/Users/arau/.m2/repository/org/apache/maven/scm/maven-scm-api/1.0-beta-3/maven-scm-api-1.0-beta-3.jar:/Users/arau/.m2/repository/org/apache/maven/scm/maven-scm-api/1.0-beta-3/maven-scm-api-1.0-beta-3.jar.sha1:/Users/arau/.m2/repository/org/apache/maven/scm/maven-scm-api/1.0-beta-3/maven-scm-api-1.0-beta-3.pom:/Users/arau/.m2/repository/org/apache/maven/scm/maven-scm-api/1.0-beta-3/maven-scm-api-1.0-beta-3.pom.sha1:/Users/arau/.m2/repository/org/apache/maven/scm/maven-scm-manager-plexus/1.0-beta-3/maven-scm-manager-plexus-1.0-beta-3.jar:/Users/arau/.m2/repository/org/apache/maven/scm/maven-scm-manager-plexus/1.0-beta-3/maven-scm-manager-plexus-1.0-beta-3.jar.sha1:/Users/arau/.m2/repository/org/apache/maven/scm/maven-scm-manager-plexus/1.0-beta-3/maven-scm-manager-plexus-1.0-beta-3.pom:/Users/arau/.m2/repository/org/apache/maven/scm/maven-scm-manager-plexus/1.0-beta-3/maven-scm-manager-plexus-1.0-beta-3.pom.sha1:/Users/arau/.m2/repository/org/apache/maven/scm/maven-scm-managers/1.0-beta-3/maven-scm-managers-1.0-beta-3.pom:/Users/arau/.m2/repository/org/apache/maven/scm/maven-scm-managers/1.0-beta-3/maven-scm-managers-1.0-beta-3.pom.sha1:/Users/arau/.m2/repository/org/apache/maven/scm/maven-scm-provider-clearcase/1.0-beta-3/maven-scm-provider-clearcase-1.0-beta-3.jar:/Users/arau/.m2/repository/org/apache/maven/scm/maven-scm-provider-clearcase/1.0-beta-3/maven-scm-provider-clearcase-1.0-beta-3.jar.sha1:/Users/arau/.m2/repository/org/apache/maven/scm/maven-scm-provider-clearcase/1.0-beta-3/maven-scm-provider-clearcase-1.0-beta-3.pom:/Users/arau/.m2/repository/org/apache/maven/scm/maven-scm-provider-clearcase/1.0-beta-3/maven-scm-provider-clearcase-1.0-beta-3.pom.sha1:/Users/arau/.m2/repository/org/apache/maven/scm/maven-scm-provider-cvs-commons/1.0-beta-3/maven-scm-provider-cvs-commons-1.0-beta-3.jar:/Users/arau/.m2/repository/org/apache/maven/scm/maven-scm-provider-cvs-commons/1.0-beta-3/maven-scm-provider-cvs-commons-1.0-beta-3.jar.sha1:/Users/arau/.m2/repository/org/apache/maven/scm/maven-scm-provider-cvs-commons/1.0-beta-3/maven-scm-provider-cvs-commons-1.0-beta-3.pom:/Users/arau/.m2/repository/org/apache/maven/scm/maven-scm-provider-cvs-commons/1.0-beta-3/maven-scm-provider-cvs-commons-1.0-beta-3.pom.sha1:/Users/arau/.m2/repository/org/apache/maven/scm/maven-scm-provider-cvsexe/1.0-beta-3/maven-scm-provider-cvsexe-1.0-beta-3.jar:/Users/arau/.m2/repository/org/apache/maven/scm/maven-scm-provider-cvsexe/1.0-beta-3/maven-scm-provider-cvsexe-1.0-beta-3.jar.sha1:/Users/arau/.m2/repository/org/apache/maven/scm/maven-scm-provider-cvsexe/1.0-beta-3/maven-scm-provider-cvsexe-1.0-beta-3.pom:/Users/arau/.m2/repository/org/apache/maven/scm/maven-scm-provider-cvsexe/1.0-beta-3/maven-scm-provider-cvsexe-1.0-beta-3.pom.sha1:/Users/arau/.m2/repository/org/apache/maven/scm/maven-scm-provider-perforce/1.0-beta-3/maven-scm-provider-perforce-1.0-beta-3.jar:/Users/arau/.m2/repository/org/apache/maven/scm/maven-scm-provider-perforce/1.0-beta-3/maven-scm-provider-perforce-1.0-beta-3.jar.sha1:/Users/arau/.m2/repository/org/apache/maven/scm/maven-scm-provider-perforce/1.0-beta-3/maven-scm-provider-perforce-1.0-beta-3.pom:/Users/arau/.m2/repository/org/apache/maven/scm/maven-scm-provider-perforce/1.0-beta-3/maven-scm-provider-perforce-1.0-beta-3.pom.sha1:/Users/arau/.m2/repository/org/apache/maven/scm/maven-scm-provider-starteam/1.0-beta-3/maven-scm-provider-starteam-1.0-beta-3.jar:/Users/arau/.m2/repository/org/apache/maven/scm/maven-scm-provider-starteam/1.0-beta-3/maven-scm-provider-starteam-1.0-beta-3.jar.sha1:/Users/arau/.m2/repository/org/apache/maven/scm/maven-scm-provider-starteam/1.0-beta-3/maven-scm-provider-starteam-1.0-beta-3.pom:/Users/arau/.m2/repository/org/apache/maven/scm/maven-scm-provider-starteam/1.0-beta-3/maven-scm-provider-starteam-1.0-beta-3.pom.sha1:/Users/arau/.m2/repository/org/apache/maven/scm/maven-scm-provider-svn-commons/1.0-beta-3/maven-scm-provider-svn-commons-1.0-beta-3.jar:/Users/arau/.m2/repository/org/apache/maven/scm/maven-scm-provider-svn-commons/1.0-beta-3/maven-scm-provider-svn-commons-1.0-beta-3.jar.sha1:/Users/arau/.m2/repository/org/apache/maven/scm/maven-scm-provider-svn-commons/1.0-beta-3/maven-scm-provider-svn-commons-1.0-beta-3.pom:/Users/arau/.m2/repository/org/apache/maven/scm/maven-scm-provider-svn-commons/1.0-beta-3/maven-scm-provider-svn-commons-1.0-beta-3.pom.sha1:/Users/arau/.m2/repository/org/apache/maven/scm/maven-scm-provider-svnexe/1.0-beta-3/maven-scm-provider-svnexe-1.0-beta-3.jar:/Users/arau/.m2/repository/org/apache/maven/scm/maven-scm-provider-svnexe/1.0-beta-3/maven-scm-provider-svnexe-1.0-beta-3.jar.sha1:/Users/arau/.m2/repository/org/apache/maven/scm/maven-scm-provider-svnexe/1.0-beta-3/maven-scm-provider-svnexe-1.0-beta-3.pom:/Users/arau/.m2/repository/org/apache/maven/scm/maven-scm-provider-svnexe/1.0-beta-3/maven-scm-provider-svnexe-1.0-beta-3.pom.sha1:/Users/arau/.m2/repository/org/apache/maven/scm/maven-scm-providers-cvs/1.0-beta-3/maven-scm-providers-cvs-1.0-beta-3.pom:/Users/arau/.m2/repository/org/apache/maven/scm/maven-scm-providers-cvs/1.0-beta-3/maven-scm-providers-cvs-1.0-beta-3.pom.sha1:/Users/arau/.m2/repository/org/apache/maven/scm/maven-scm-providers-svn/1.0-beta-3/maven-scm-providers-svn-1.0-beta-3.pom:/Users/arau/.m2/repository/org/apache/maven/scm/maven-scm-providers-svn/1.0-beta-3/maven-scm-providers-svn-1.0-beta-3.pom.sha1:/Users/arau/.m2/repository/org/apache/maven/scm/maven-scm-providers/1.0-beta-3/maven-scm-providers-1.0-beta-3.pom:/Users/arau/.m2/repository/org/apache/maven/scm/maven-scm-providers/1.0-beta-3/maven-scm-providers-1.0-beta-3.pom.sha1:/Users/arau/.m2/repository/org/apache/maven/scm/maven-scm/1.0-beta-3/maven-scm-1.0-beta-3.pom:/Users/arau/.m2/repository/org/apache/maven/scm/maven-scm/1.0-beta-3/maven-scm-1.0-beta-3.pom.sha1:/Users/arau/.m2/repository/org/apache/maven/shared/file-management/1.0/file-management-1.0.jar:/Users/arau/.m2/repository/org/apache/maven/shared/file-management/1.0/file-management-1.0.jar.sha1:/Users/arau/.m2/repository/org/apache/maven/shared/file-management/1.0/file-management-1.0.pom:/Users/arau/.m2/repository/org/apache/maven/shared/file-management/1.0/file-management-1.0.pom.sha1:/Users/arau/.m2/repository/org/apache/maven/shared/file-management/1.1/file-management-1.1.jar:/Users/arau/.m2/repository/org/apache/maven/shared/file-management/1.1/file-management-1.1.jar.sha1:/Users/arau/.m2/repository/org/apache/maven/shared/file-management/1.1/file-management-1.1.pom:/Users/arau/.m2/repository/org/apache/maven/shared/file-management/1.1/file-management-1.1.pom.sha1:/Users/arau/.m2/repository/org/apache/maven/shared/maven-common-artifact-filters/1.0-alpha-1/maven-common-artifact-filters-1.0-alpha-1.jar:/Users/arau/.m2/repository/org/apache/maven/shared/maven-common-artifact-filters/1.0-alpha-1/maven-common-artifact-filters-1.0-alpha-1.jar.sha1:/Users/arau/.m2/repository/org/apache/maven/shared/maven-common-artifact-filters/1.0-alpha-1/maven-common-artifact-filters-1.0-alpha-1.pom:/Users/arau/.m2/repository/org/apache/maven/shared/maven-common-artifact-filters/1.0-alpha-1/maven-common-artifact-filters-1.0-alpha-1.pom.sha1:/Users/arau/.m2/repository/org/apache/maven/shared/maven-dependency-analyzer/1.0-alpha-2/maven-dependency-analyzer-1.0-alpha-2.jar:/Users/arau/.m2/repository/org/apache/maven/shared/maven-dependency-analyzer/1.0-alpha-2/maven-dependency-analyzer-1.0-alpha-2.jar.sha1:/Users/arau/.m2/repository/org/apache/maven/shared/maven-dependency-analyzer/1.0-alpha-2/maven-dependency-analyzer-1.0-alpha-2.pom:/Users/arau/.m2/repository/org/apache/maven/shared/maven-dependency-analyzer/1.0-alpha-2/maven-dependency-analyzer-1.0-alpha-2.pom.sha1:/Users/arau/.m2/repository/org/apache/maven/shared/maven-repository-builder/1.0-alpha-1/maven-repository-builder-1.0-alpha-1.jar:/Users/arau/.m2/repository/org/apache/maven/shared/maven-repository-builder/1.0-alpha-1/maven-repository-builder-1.0-alpha-1.jar.sha1:/Users/arau/.m2/repository/org/apache/maven/shared/maven-repository-builder/1.0-alpha-1/maven-repository-builder-1.0-alpha-1.pom:/Users/arau/.m2/repository/org/apache/maven/shared/maven-repository-builder/1.0-alpha-1/maven-repository-builder-1.0-alpha-1.pom.sha1:/Users/arau/.m2/repository/org/apache/maven/shared/maven-shared-components/3/maven-shared-components-3.pom:/Users/arau/.m2/repository/org/apache/maven/shared/maven-shared-components/3/maven-shared-components-3.pom.sha1:/Users/arau/.m2/repository/org/apache/maven/shared/maven-shared-components/4/maven-shared-components-4.pom:/Users/arau/.m2/repository/org/apache/maven/shared/maven-shared-components/4/maven-shared-components-4.pom.sha1:/Users/arau/.m2/repository/org/apache/maven/shared/maven-shared-components/6/maven-shared-components-6.pom:/Users/arau/.m2/repository/org/apache/maven/shared/maven-shared-components/6/maven-shared-components-6.pom.sha1:/Users/arau/.m2/repository/org/apache/maven/shared/maven-shared-components/7/maven-shared-components-7.pom:/Users/arau/.m2/repository/org/apache/maven/shared/maven-shared-components/7/maven-shared-components-7.pom.sha1:/Users/arau/.m2/repository/org/apache/maven/shared/maven-shared-io/1.0/maven-shared-io-1.0.jar:/Users/arau/.m2/repository/org/apache/maven/shared/maven-shared-io/1.0/maven-shared-io-1.0.jar.sha1:/Users/arau/.m2/repository/org/apache/maven/shared/maven-shared-io/1.0/maven-shared-io-1.0.pom:/Users/arau/.m2/repository/org/apache/maven/shared/maven-shared-io/1.0/maven-shared-io-1.0.pom.sha1:/Users/arau/.m2/repository/org/apache/maven/shared/shared-components-parent/1/shared-components-parent-1.pom:/Users/arau/.m2/repository/org/apache/maven/shared/shared-components-parent/1/shared-components-parent-1.pom.sha1:/Users/arau/.m2/repository/org/apache/maven/skins/maven-default-skin/1.0/maven-default-skin-1.0.jar:/Users/arau/.m2/repository/org/apache/maven/skins/maven-default-skin/1.0/maven-default-skin-1.0.jar.sha1:/Users/arau/.m2/repository/org/apache/maven/skins/maven-default-skin/maven-metadata-central.xml:/Users/arau/.m2/repository/org/apache/maven/skins/maven-default-skin/maven-metadata-central.xml.sha1:/Users/arau/.m2/repository/org/apache/maven/surefire/surefire-api/2.3/surefire-api-2.3.jar:/Users/arau/.m2/repository/org/apache/maven/surefire/surefire-api/2.3/surefire-api-2.3.jar.sha1:/Users/arau/.m2/repository/org/apache/maven/surefire/surefire-api/2.3/surefire-api-2.3.pom:/Users/arau/.m2/repository/org/apache/maven/surefire/surefire-api/2.3/surefire-api-2.3.pom.sha1:/Users/arau/.m2/repository/org/apache/maven/surefire/surefire-booter/2.3/surefire-booter-2.3.jar:/Users/arau/.m2/repository/org/apache/maven/surefire/surefire-booter/2.3/surefire-booter-2.3.jar.sha1:/Users/arau/.m2/repository/org/apache/maven/surefire/surefire-booter/2.3/surefire-booter-2.3.pom:/Users/arau/.m2/repository/org/apache/maven/surefire/surefire-booter/2.3/surefire-booter-2.3.pom.sha1:/Users/arau/.m2/repository/org/apache/maven/surefire/surefire-junit/2.3/surefire-junit-2.3.jar:/Users/arau/.m2/repository/org/apache/maven/surefire/surefire-junit/2.3/surefire-junit-2.3.jar.sha1:/Users/arau/.m2/repository/org/apache/maven/surefire/surefire-junit/2.3/surefire-junit-2.3.pom:/Users/arau/.m2/repository/org/apache/maven/surefire/surefire-junit/2.3/surefire-junit-2.3.pom.sha1:/Users/arau/.m2/repository/org/apache/maven/surefire/surefire-providers/2.3/surefire-providers-2.3.pom:/Users/arau/.m2/repository/org/apache/maven/surefire/surefire-providers/2.3/surefire-providers-2.3.pom.sha1:/Users/arau/.m2/repository/org/apache/maven/surefire/surefire/2.3/surefire-2.3.pom:/Users/arau/.m2/repository/org/apache/maven/surefire/surefire/2.3/surefire-2.3.pom.sha1:/Users/arau/.m2/repository/org/apache/maven/wagon/wagon-file/1.0-alpha-7/wagon-file-1.0-alpha-7.pom:/Users/arau/.m2/repository/org/apache/maven/wagon/wagon-file/1.0-alpha-7/wagon-file-1.0-alpha-7.pom.sha1:/Users/arau/.m2/repository/org/apache/maven/wagon/wagon-http-lightweight/1.0-alpha-6/wagon-http-lightweight-1.0-alpha-6.pom:/Users/arau/.m2/repository/org/apache/maven/wagon/wagon-http-lightweight/1.0-alpha-6/wagon-http-lightweight-1.0-alpha-6.pom.sha1:/Users/arau/.m2/repository/org/apache/maven/wagon/wagon-provider-api/1.0-alpha-4/wagon-provider-api-1.0-alpha-4.pom:/Users/arau/.m2/repository/org/apache/maven/wagon/wagon-provider-api/1.0-alpha-4/wagon-provider-api-1.0-alpha-4.pom.sha1:/Users/arau/.m2/repository/org/apache/maven/wagon/wagon-provider-api/1.0-alpha-5/wagon-provider-api-1.0-alpha-5.pom:/Users/arau/.m2/repository/org/apache/maven/wagon/wagon-provider-api/1.0-alpha-5/wagon-provider-api-1.0-alpha-5.pom.sha1:/Users/arau/.m2/repository/org/apache/maven/wagon/wagon-provider-api/1.0-alpha-6/wagon-provider-api-1.0-alpha-6.pom:/Users/arau/.m2/repository/org/apache/maven/wagon/wagon-provider-api/1.0-alpha-6/wagon-provider-api-1.0-alpha-6.pom.sha1:/Users/arau/.m2/repository/org/apache/maven/wagon/wagon-provider-api/1.0-beta-2/wagon-provider-api-1.0-beta-2.pom:/Users/arau/.m2/repository/org/apache/maven/wagon/wagon-provider-api/1.0-beta-2/wagon-provider-api-1.0-beta-2.pom.sha1:/Users/arau/.m2/repository/org/apache/maven/wagon/wagon-providers/1.0-alpha-6/wagon-providers-1.0-alpha-6.pom:/Users/arau/.m2/repository/org/apache/maven/wagon/wagon-providers/1.0-alpha-6/wagon-providers-1.0-alpha-6.pom.sha1:/Users/arau/.m2/repository/org/apache/maven/wagon/wagon-ssh-external/1.0-alpha-6/wagon-ssh-external-1.0-alpha-6.pom:/Users/arau/.m2/repository/org/apache/maven/wagon/wagon-ssh-external/1.0-alpha-6/wagon-ssh-external-1.0-alpha-6.pom.sha1:/Users/arau/.m2/repository/org/apache/maven/wagon/wagon-ssh/1.0-alpha-7/wagon-ssh-1.0-alpha-7.pom:/Users/arau/.m2/repository/org/apache/maven/wagon/wagon-ssh/1.0-alpha-7/wagon-ssh-1.0-alpha-7.pom.sha1:/Users/arau/.m2/repository/org/apache/maven/wagon/wagon/1.0-alpha-4/wagon-1.0-alpha-4.pom:/Users/arau/.m2/repository/org/apache/maven/wagon/wagon/1.0-alpha-4/wagon-1.0-alpha-4.pom.sha1:/Users/arau/.m2/repository/org/apache/maven/wagon/wagon/1.0-alpha-6/wagon-1.0-alpha-6.pom:/Users/arau/.m2/repository/org/apache/maven/wagon/wagon/1.0-alpha-6/wagon-1.0-alpha-6.pom.sha1:/Users/arau/.m2/repository/org/apache/maven/wagon/wagon/1.0-beta-2/wagon-1.0-beta-2.pom:/Users/arau/.m2/repository/org/apache/maven/wagon/wagon/1.0-beta-2/wagon-1.0-beta-2.pom.sha1:/Users/arau/.m2/repository/org/codehaus/mojo/cobertura-maven-plugin/2.0/cobertura-maven-plugin-2.0.jar:/Users/arau/.m2/repository/org/codehaus/mojo/cobertura-maven-plugin/2.0/cobertura-maven-plugin-2.0.jar.sha1:/Users/arau/.m2/repository/org/codehaus/mojo/cobertura-maven-plugin/2.0/cobertura-maven-plugin-2.0.pom:/Users/arau/.m2/repository/org/codehaus/mojo/cobertura-maven-plugin/2.0/cobertura-maven-plugin-2.0.pom.sha1:/Users/arau/.m2/repository/org/codehaus/mojo/maven-metadata-central.xml:/Users/arau/.m2/repository/org/codehaus/mojo/maven-metadata-central.xml.sha1:/Users/arau/.m2/repository/org/codehaus/mojo/mojo/7/mojo-7.pom:/Users/arau/.m2/repository/org/codehaus/mojo/mojo/7/mojo-7.pom.sha1:/Users/arau/.m2/repository/org/codehaus/plexus/plexus-archiver/1.0-alpha-7/plexus-archiver-1.0-alpha-7.jar:/Users/arau/.m2/repository/org/codehaus/plexus/plexus-archiver/1.0-alpha-7/plexus-archiver-1.0-alpha-7.jar.sha1:/Users/arau/.m2/repository/org/codehaus/plexus/plexus-archiver/1.0-alpha-7/plexus-archiver-1.0-alpha-7.pom:/Users/arau/.m2/repository/org/codehaus/plexus/plexus-archiver/1.0-alpha-7/plexus-archiver-1.0-alpha-7.pom.sha1:/Users/arau/.m2/repository/org/codehaus/plexus/plexus-archiver/1.0-alpha-8/plexus-archiver-1.0-alpha-8.jar:/Users/arau/.m2/repository/org/codehaus/plexus/plexus-archiver/1.0-alpha-8/plexus-archiver-1.0-alpha-8.jar.sha1:/Users/arau/.m2/repository/org/codehaus/plexus/plexus-archiver/1.0-alpha-8/plexus-archiver-1.0-alpha-8.pom:/Users/arau/.m2/repository/org/codehaus/plexus/plexus-archiver/1.0-alpha-8/plexus-archiver-1.0-alpha-8.pom.sha1:/Users/arau/.m2/repository/org/codehaus/plexus/plexus-compiler-api/1.5.3/plexus-compiler-api-1.5.3.jar:/Users/arau/.m2/repository/org/codehaus/plexus/plexus-compiler-api/1.5.3/plexus-compiler-api-1.5.3.jar.sha1:/Users/arau/.m2/repository/org/codehaus/plexus/plexus-compiler-api/1.5.3/plexus-compiler-api-1.5.3.pom:/Users/arau/.m2/repository/org/codehaus/plexus/plexus-compiler-api/1.5.3/plexus-compiler-api-1.5.3.pom.sha1:/Users/arau/.m2/repository/org/codehaus/plexus/plexus-compiler-javac/1.5.3/plexus-compiler-javac-1.5.3.jar:/Users/arau/.m2/repository/org/codehaus/plexus/plexus-compiler-javac/1.5.3/plexus-compiler-javac-1.5.3.jar.sha1:/Users/arau/.m2/repository/org/codehaus/plexus/plexus-compiler-javac/1.5.3/plexus-compiler-javac-1.5.3.pom:/Users/arau/.m2/repository/org/codehaus/plexus/plexus-compiler-javac/1.5.3/plexus-compiler-javac-1.5.3.pom.sha1:/Users/arau/.m2/repository/org/codehaus/plexus/plexus-compiler-manager/1.5.3/plexus-compiler-manager-1.5.3.jar:/Users/arau/.m2/repository/org/codehaus/plexus/plexus-compiler-manager/1.5.3/plexus-compiler-manager-1.5.3.jar.sha1:/Users/arau/.m2/repository/org/codehaus/plexus/plexus-compiler-manager/1.5.3/plexus-compiler-manager-1.5.3.pom:/Users/arau/.m2/repository/org/codehaus/plexus/plexus-compiler-manager/1.5.3/plexus-compiler-manager-1.5.3.pom.sha1:/Users/arau/.m2/repository/org/codehaus/plexus/plexus-compiler/1.5.3/plexus-compiler-1.5.3.pom:/Users/arau/.m2/repository/org/codehaus/plexus/plexus-compiler/1.5.3/plexus-compiler-1.5.3.pom.sha1:/Users/arau/.m2/repository/org/codehaus/plexus/plexus-compilers/1.5.3/plexus-compilers-1.5.3.pom:/Users/arau/.m2/repository/org/codehaus/plexus/plexus-compilers/1.5.3/plexus-compilers-1.5.3.pom.sha1:/Users/arau/.m2/repository/org/codehaus/plexus/plexus-components/1.1.4/plexus-components-1.1.4.pom:/Users/arau/.m2/repository/org/codehaus/plexus/plexus-components/1.1.4/plexus-components-1.1.4.pom.sha1:/Users/arau/.m2/repository/org/codehaus/plexus/plexus-components/1.1.5/plexus-components-1.1.5.pom:/Users/arau/.m2/repository/org/codehaus/plexus/plexus-components/1.1.5/plexus-components-1.1.5.pom.sha1:/Users/arau/.m2/repository/org/codehaus/plexus/plexus-components/1.1.6/plexus-components-1.1.6.pom:/Users/arau/.m2/repository/org/codehaus/plexus/plexus-components/1.1.6/plexus-components-1.1.6.pom.sha1:/Users/arau/.m2/repository/org/codehaus/plexus/plexus-components/1.1.7/plexus-components-1.1.7.pom:/Users/arau/.m2/repository/org/codehaus/plexus/plexus-components/1.1.7/plexus-components-1.1.7.pom.sha1:/Users/arau/.m2/repository/org/codehaus/plexus/plexus-components/1.1.8/plexus-components-1.1.8.pom:/Users/arau/.m2/repository/org/codehaus/plexus/plexus-components/1.1.8/plexus-components-1.1.8.pom.sha1:/Users/arau/.m2/repository/org/codehaus/plexus/plexus-container-default/1.0-alpha-15/plexus-container-default-1.0-alpha-15.pom:/Users/arau/.m2/repository/org/codehaus/plexus/plexus-container-default/1.0-alpha-15/plexus-container-default-1.0-alpha-15.pom.sha1:/Users/arau/.m2/repository/org/codehaus/plexus/plexus-container-default/1.0-alpha-8/plexus-container-default-1.0-alpha-8.jar:/Users/arau/.m2/repository/org/codehaus/plexus/plexus-container-default/1.0-alpha-8/plexus-container-default-1.0-alpha-8.jar.sha1:/Users/arau/.m2/repository/org/codehaus/plexus/plexus-container-default/1.0-alpha-8/plexus-container-default-1.0-alpha-8.pom:/Users/arau/.m2/repository/org/codehaus/plexus/plexus-container-default/1.0-alpha-8/plexus-container-default-1.0-alpha-8.pom.sha1:/Users/arau/.m2/repository/org/codehaus/plexus/plexus-container-default/1.0-alpha-9-stable-1/plexus-container-default-1.0-alpha-9-stable-1.pom:/Users/arau/.m2/repository/org/codehaus/plexus/plexus-container-default/1.0-alpha-9-stable-1/plexus-container-default-1.0-alpha-9-stable-1.pom.sha1:/Users/arau/.m2/repository/org/codehaus/plexus/plexus-container-default/1.0-alpha-9/plexus-container-default-1.0-alpha-9.pom:/Users/arau/.m2/repository/org/codehaus/plexus/plexus-container-default/1.0-alpha-9/plexus-container-default-1.0-alpha-9.pom.sha1:/Users/arau/.m2/repository/org/codehaus/plexus/plexus-containers/1.0-alpha-15/plexus-containers-1.0-alpha-15.pom:/Users/arau/.m2/repository/org/codehaus/plexus/plexus-containers/1.0-alpha-15/plexus-containers-1.0-alpha-15.pom.sha1:/Users/arau/.m2/repository/org/codehaus/plexus/plexus-containers/1.0.3/plexus-containers-1.0.3.pom:/Users/arau/.m2/repository/org/codehaus/plexus/plexus-containers/1.0.3/plexus-containers-1.0.3.pom.sha1:/Users/arau/.m2/repository/org/codehaus/plexus/plexus-digest/1.0/plexus-digest-1.0.jar:/Users/arau/.m2/repository/org/codehaus/plexus/plexus-digest/1.0/plexus-digest-1.0.jar.sha1:/Users/arau/.m2/repository/org/codehaus/plexus/plexus-digest/1.0/plexus-digest-1.0.pom:/Users/arau/.m2/repository/org/codehaus/plexus/plexus-digest/1.0/plexus-digest-1.0.pom.sha1:/Users/arau/.m2/repository/org/codehaus/plexus/plexus-i18n/1.0-beta-6/plexus-i18n-1.0-beta-6.jar:/Users/arau/.m2/repository/org/codehaus/plexus/plexus-i18n/1.0-beta-6/plexus-i18n-1.0-beta-6.jar.sha1:/Users/arau/.m2/repository/org/codehaus/plexus/plexus-i18n/1.0-beta-6/plexus-i18n-1.0-beta-6.pom:/Users/arau/.m2/repository/org/codehaus/plexus/plexus-i18n/1.0-beta-6/plexus-i18n-1.0-beta-6.pom.sha1:/Users/arau/.m2/repository/org/codehaus/plexus/plexus-interactivity-api/1.0-alpha-4/plexus-interactivity-api-1.0-alpha-4.pom:/Users/arau/.m2/repository/org/codehaus/plexus/plexus-interactivity-api/1.0-alpha-4/plexus-interactivity-api-1.0-alpha-4.pom.sha1:/Users/arau/.m2/repository/org/codehaus/plexus/plexus-interactivity-api/1.0-alpha-5/plexus-interactivity-api-1.0-alpha-5.pom:/Users/arau/.m2/repository/org/codehaus/plexus/plexus-interactivity-api/1.0-alpha-5/plexus-interactivity-api-1.0-alpha-5.pom.sha1:/Users/arau/.m2/repository/org/codehaus/plexus/plexus-interactivity-jline/1.0-alpha-5/plexus-interactivity-jline-1.0-alpha-5.jar:/Users/arau/.m2/repository/org/codehaus/plexus/plexus-interactivity-jline/1.0-alpha-5/plexus-interactivity-jline-1.0-alpha-5.jar.sha1:/Users/arau/.m2/repository/org/codehaus/plexus/plexus-interactivity-jline/1.0-alpha-5/plexus-interactivity-jline-1.0-alpha-5.pom:/Users/arau/.m2/repository/org/codehaus/plexus/plexus-interactivity-jline/1.0-alpha-5/plexus-interactivity-jline-1.0-alpha-5.pom.sha1:/Users/arau/.m2/repository/org/codehaus/plexus/plexus-interactivity/1.0-alpha-5/plexus-interactivity-1.0-alpha-5.pom:/Users/arau/.m2/repository/org/codehaus/plexus/plexus-interactivity/1.0-alpha-5/plexus-interactivity-1.0-alpha-5.pom.sha1:/Users/arau/.m2/repository/org/codehaus/plexus/plexus-utils/1.0.4/plexus-utils-1.0.4-sources.jar:/Users/arau/.m2/repository/org/codehaus/plexus/plexus-utils/1.0.4/plexus-utils-1.0.4-sources.jar.sha1:/Users/arau/.m2/repository/org/codehaus/plexus/plexus-utils/1.0.4/plexus-utils-1.0.4.jar:/Users/arau/.m2/repository/org/codehaus/plexus/plexus-utils/1.0.4/plexus-utils-1.0.4.jar.sha1:/Users/arau/.m2/repository/org/codehaus/plexus/plexus-utils/1.0.4/plexus-utils-1.0.4.pom:/Users/arau/.m2/repository/org/codehaus/plexus/plexus-utils/1.0.4/plexus-utils-1.0.4.pom.sha1:/Users/arau/.m2/repository/org/codehaus/plexus/plexus-utils/1.0.5/plexus-utils-1.0.5.pom:/Users/arau/.m2/repository/org/codehaus/plexus/plexus-utils/1.0.5/plexus-utils-1.0.5.pom.sha1:/Users/arau/.m2/repository/org/codehaus/plexus/plexus-utils/1.1/plexus-utils-1.1.jar:/Users/arau/.m2/repository/org/codehaus/plexus/plexus-utils/1.1/plexus-utils-1.1.jar.sha1:/Users/arau/.m2/repository/org/codehaus/plexus/plexus-utils/1.1/plexus-utils-1.1.pom:/Users/arau/.m2/repository/org/codehaus/plexus/plexus-utils/1.1/plexus-utils-1.1.pom.sha1:/Users/arau/.m2/repository/org/codehaus/plexus/plexus-utils/1.2/plexus-utils-1.2.pom:/Users/arau/.m2/repository/org/codehaus/plexus/plexus-utils/1.2/plexus-utils-1.2.pom.sha1:/Users/arau/.m2/repository/org/codehaus/plexus/plexus-utils/1.3/plexus-utils-1.3.pom:/Users/arau/.m2/repository/org/codehaus/plexus/plexus-utils/1.3/plexus-utils-1.3.pom.sha1:/Users/arau/.m2/repository/org/codehaus/plexus/plexus-utils/1.4.1/plexus-utils-1.4.1.pom:/Users/arau/.m2/repository/org/codehaus/plexus/plexus-utils/1.4.1/plexus-utils-1.4.1.pom.sha1:/Users/arau/.m2/repository/org/codehaus/plexus/plexus-velocity/1.1.3/plexus-velocity-1.1.3.jar:/Users/arau/.m2/repository/org/codehaus/plexus/plexus-velocity/1.1.3/plexus-velocity-1.1.3.jar.sha1:/Users/arau/.m2/repository/org/codehaus/plexus/plexus-velocity/1.1.3/plexus-velocity-1.1.3.pom:/Users/arau/.m2/repository/org/codehaus/plexus/plexus-velocity/1.1.3/plexus-velocity-1.1.3.pom.sha1:/Users/arau/.m2/repository/org/codehaus/plexus/plexus/1.0.11/plexus-1.0.11.pom:/Users/arau/.m2/repository/org/codehaus/plexus/plexus/1.0.11/plexus-1.0.11.pom.sha1:/Users/arau/.m2/repository/org/codehaus/plexus/plexus/1.0.4/plexus-1.0.4.pom:/Users/arau/.m2/repository/org/codehaus/plexus/plexus/1.0.4/plexus-1.0.4.pom.sha1:/Users/arau/.m2/repository/org/codehaus/plexus/plexus/1.0.5/plexus-1.0.5.pom:/Users/arau/.m2/repository/org/codehaus/plexus/plexus/1.0.5/plexus-1.0.5.pom.sha1:/Users/arau/.m2/repository/org/codehaus/plexus/plexus/1.0.8/plexus-1.0.8.pom:/Users/arau/.m2/repository/org/codehaus/plexus/plexus/1.0.8/plexus-1.0.8.pom.sha1:/Users/arau/.m2/repository/org/codehaus/plexus/plexus/1.0.9/plexus-1.0.9.pom:/Users/arau/.m2/repository/org/codehaus/plexus/plexus/1.0.9/plexus-1.0.9.pom.sha1:/Users/arau/.m2/repository/org/mortbay/jetty/jetty/6.0.0beta12/jetty-6.0.0beta12.jar:/Users/arau/.m2/repository/org/mortbay/jetty/jetty/6.0.0beta12/jetty-6.0.0beta12.jar.sha1:/Users/arau/.m2/repository/org/mortbay/jetty/jetty/6.0.0beta12/jetty-6.0.0beta12.pom:/Users/arau/.m2/repository/org/mortbay/jetty/jetty/6.0.0beta12/jetty-6.0.0beta12.pom.sha1:/Users/arau/.m2/repository/org/mortbay/jetty/project/6.0.0beta12/project-6.0.0beta12.pom:/Users/arau/.m2/repository/org/mortbay/jetty/project/6.0.0beta12/project-6.0.0beta12.pom.sha1:/Users/arau/.m2/repository/org/mortbay/jetty/servlet-api-2.5/6.0.0beta12/servlet-api-2.5-6.0.0beta12.jar:/Users/arau/.m2/repository/org/mortbay/jetty/servlet-api-2.5/6.0.0beta12/servlet-api-2.5-6.0.0beta12.jar.sha1:/Users/arau/.m2/repository/org/mortbay/jetty/servlet-api-2.5/6.0.0beta12/servlet-api-2.5-6.0.0beta12.pom:/Users/arau/.m2/repository/org/mortbay/jetty/servlet-api-2.5/6.0.0beta12/servlet-api-2.5-6.0.0beta12.pom.sha1:/Users/arau/.m2/repository/org/springframework/spring/2.0.3/spring-2.0.3-sources.jar:/Users/arau/.m2/repository/org/springframework/spring/2.0.3/spring-2.0.3-sources.jar.sha1:/Users/arau/.m2/repository/org/springframework/spring/2.0.3/spring-2.0.3.jar:/Users/arau/.m2/repository/org/springframework/spring/2.0.3/spring-2.0.3.jar.sha1:/Users/arau/.m2/repository/org/springframework/spring/2.0.3/spring-2.0.3.pom:/Users/arau/.m2/repository/org/springframework/spring/2.0.3/spring-2.0.3.pom.sha1:/Users/arau/.m2/repository/org/springframework/spring/2.0.5/spring-2.0.5-sources.jar:/Users/arau/.m2/repository/org/springframework/spring/2.0.5/spring-2.0.5-sources.jar.sha1:/Users/arau/.m2/repository/org/springframework/spring/2.0.5/spring-2.0.5.jar:/Users/arau/.m2/repository/org/springframework/spring/2.0.5/spring-2.0.5.jar.sha1:/Users/arau/.m2/repository/org/springframework/spring/2.0.5/spring-2.0.5.pom:/Users/arau/.m2/repository/org/springframework/spring/2.0.5/spring-2.0.5.pom.sha1:/Users/arau/.m2/repository/oro/oro/2.0.7/oro-2.0.7.jar:/Users/arau/.m2/repository/oro/oro/2.0.7/oro-2.0.7.jar.sha1:/Users/arau/.m2/repository/oro/oro/2.0.7/oro-2.0.7.pom:/Users/arau/.m2/repository/oro/oro/2.0.7/oro-2.0.7.pom.sha1:/Users/arau/.m2/repository/oro/oro/2.0.8/oro-2.0.8-sources.jar:/Users/arau/.m2/repository/oro/oro/2.0.8/oro-2.0.8-sources.jar.sha1:/Users/arau/.m2/repository/oro/oro/2.0.8/oro-2.0.8.jar:/Users/arau/.m2/repository/oro/oro/2.0.8/oro-2.0.8.jar.sha1:/Users/arau/.m2/repository/oro/oro/2.0.8/oro-2.0.8.pom:/Users/arau/.m2/repository/oro/oro/2.0.8/oro-2.0.8.pom.sha1:/Users/arau/.m2/repository/plexus/plexus-container-default/1.0-alpha-6/plexus-container-default-1.0-alpha-6.jar:/Users/arau/.m2/repository/plexus/plexus-container-default/1.0-alpha-6/plexus-container-default-1.0-alpha-6.jar.sha1:/Users/arau/.m2/repository/plexus/plexus-container-default/1.0-alpha-6/plexus-container-default-1.0-alpha-6.pom:/Users/arau/.m2/repository/plexus/plexus-container-default/1.0-alpha-6/plexus-container-default-1.0-alpha-6.pom.sha1:/Users/arau/.m2/repository/plexus/plexus-containers/1.0.2/plexus-containers-1.0.2.pom:/Users/arau/.m2/repository/plexus/plexus-containers/1.0.2/plexus-containers-1.0.2.pom.sha1:/Users/arau/.m2/repository/plexus/plexus-root/1.0.3/plexus-root-1.0.3.pom:/Users/arau/.m2/repository/plexus/plexus-root/1.0.3/plexus-root-1.0.3.pom.sha1:/Users/arau/.m2/repository/plexus/plexus-utils/1.0.2/plexus-utils-1.0.2.pom:/Users/arau/.m2/repository/plexus/plexus-utils/1.0.2/plexus-utils-1.0.2.pom.sha1:/Users/arau/.m2/repository/plexus/plexus-utils/1.0.3/plexus-utils-1.0.3.jar:/Users/arau/.m2/repository/plexus/plexus-utils/1.0.3/plexus-utils-1.0.3.jar.sha1:/Users/arau/.m2/repository/plexus/plexus-utils/1.0.3/plexus-utils-1.0.3.pom:/Users/arau/.m2/repository/plexus/plexus-utils/1.0.3/plexus-utils-1.0.3.pom.sha1:/Users/arau/.m2/repository/qdox/qdox/1.6.1/qdox-1.6.1.jar:/Users/arau/.m2/repository/qdox/qdox/1.6.1/qdox-1.6.1.jar.sha1:/Users/arau/.m2/repository/qdox/qdox/1.6.1/qdox-1.6.1.pom:/Users/arau/.m2/repository/qdox/qdox/1.6.1/qdox-1.6.1.pom.sha1:/Users/arau/.m2/repository/regexp/regexp/1.3/regexp-1.3.jar:/Users/arau/.m2/repository/regexp/regexp/1.3/regexp-1.3.jar.sha1:/Users/arau/.m2/repository/regexp/regexp/1.3/regexp-1.3.pom:/Users/arau/.m2/repository/regexp/regexp/1.3/regexp-1.3.pom.sha1:/Users/arau/.m2/repository/urbanophile/java-getopt/1.0.9/java-getopt-1.0.9.jar:/Users/arau/.m2/repository/urbanophile/java-getopt/1.0.9/java-getopt-1.0.9.jar.sha1:/Users/arau/.m2/repository/urbanophile/java-getopt/1.0.9/java-getopt-1.0.9.pom:/Users/arau/.m2/repository/urbanophile/java-getopt/1.0.9/java-getopt-1.0.9.pom.sha1:/Users/arau/.m2/repository/velocity/velocity-dep/1.4/velocity-dep-1.4.jar:/Users/arau/.m2/repository/velocity/velocity-dep/1.4/velocity-dep-1.4.jar.sha1:/Users/arau/.m2/repository/velocity/velocity-dep/1.4/velocity-dep-1.4.pom:/Users/arau/.m2/repository/velocity/velocity-dep/1.4/velocity-dep-1.4.pom.sha1:/Users/arau/.m2/repository/velocity/velocity/1.4/velocity-1.4.jar:/Users/arau/.m2/repository/velocity/velocity/1.4/velocity-1.4.jar.sha1:/Users/arau/.m2/repository/velocity/velocity/1.4/velocity-1.4.pom:/Users/arau/.m2/repository/velocity/velocity/1.4/velocity-1.4.pom.sha1:/Users/arau/.m2/repository/velocity/velocity/1.5/velocity-1.5.jar:/Users/arau/.m2/repository/velocity/velocity/1.5/velocity-1.5.jar.sha1:/Users/arau/.m2/repository/velocity/velocity/1.5/velocity-1.5.pom:/Users/arau/.m2/repository/velocity/velocity/1.5/velocity-1.5.pom.sha1:/Users/arau/.m2/repository/xml-apis/xml-apis/1.0.b2/xml-apis-1.0.b2.jar:/Users/arau/.m2/repository/xml-apis/xml-apis/1.0.b2/xml-apis-1.0.b2.jar.sha1:/Users/arau/.m2/repository/xml-apis/xml-apis/1.0.b2/xml-apis-1.0.b2.pom:/Users/arau/.m2/repository/xml-apis/xml-apis/1.0.b2/xml-apis-1.0.b2.pom.sha1:/Users/arau/.m2/repository/xml-apis/xml-apis/2.0.2/xml-apis-2.0.2.pom:/Users/arau/.m2/repository/xml-apis/xml-apis/2.0.2/xml-apis-2.0.2.pom.sha1:/Volumes/DevelopmentDisk/Mutation/MavenPlugin/src/test/it/it0002/target/classes:/Volumes/DevelopmentDisk/Mutation/MavenPlugin/src/test/it/it0002/target/test-classes:/Volumes/DevelopmentDisk/Mutation/MavenPlugin/libs/junit-3.8.2.jar:/Applications/eclipse/plugins/org.apache.ant_1.7.0.v200706080842/lib/ant-launcher.jar:/Applications/eclipse/plugins/org.apache.ant_1.7.0.v200706080842/lib/ant.jar:/Applications/eclipse/plugins/org.apache.ant_1.7.0.v200706080842/lib/ant-junit.jar:/System/Library/Frameworks/JavaVM.framework/Versions/1.5.0/Classes/.compatibility/14compatibility.jar" />
    <property name="user.name" value="arau" />
    <property name="java.vm.specification.version" value="1.0" />
    <property name="sun.arch.data.model" value="32" />
    <property name="java.home" value="/System/Library/Frameworks/JavaVM.framework/Versions/1.5.0/Home" />
    <property name="java.specification.vendor" value="Sun Microsystems Inc." />
    <property name="user.language" value="en" />
    <property name="awt.toolkit" value="apple.awt.CToolkit" />
    <property name="java.vm.info" value="mixed mode, sharing" />
    <property name="java.version" value="1.5.0_07" />
    <property name="java.ext.dirs" value="/Library/Java/Extensions:/System/Library/Java/Extensions:/System/Library/Frameworks/JavaVM.framework/Versions/1.5.0/Home/lib/ext" />
    <property name="sun.boot.class.path" value="/System/Library/Frameworks/JavaVM.framework/Versions/1.5.0/Classes/classes.jar:/System/Library/Frameworks/JavaVM.framework/Versions/1.5.0/Classes/ui.jar:/System/Library/Frameworks/JavaVM.framework/Versions/1.5.0/Classes/laf.jar:/System/Library/Frameworks/JavaVM.framework/Versions/1.5.0/Classes/sunrsasign.jar:/System/Library/Frameworks/JavaVM.framework/Versions/1.5.0/Classes/jsse.jar:/System/Library/Frameworks/JavaVM.framework/Versions/1.5.0/Classes/jce.jar:/System/Library/Frameworks/JavaVM.framework/Versions/1.5.0/Classes/charsets.jar" />
    <property name="java.vendor" value="Apple Computer, Inc." />
    <property name="file.separator" value="/" />
    <property name="java.vendor.url.bug" value="http://developer.apple.com/java/" />
    <property name="sun.cpu.endian" value="little" />
    <property name="sun.io.unicode.encoding" value="UnicodeLittle" />
    <property name="mrj.version" value="1040.1.5.0_07-164" />
    <property name="sun.cpu.isalist" value="" />
  </properties>
  <testcase classname="com.mutation.sampleapp.AppTest" name="testIsTrue_true" time="0.0030" />
  <testcase classname="com.mutation.sampleapp.AppTest" name="testIsTrue_false" time="0.0" />
  <system-out><![CDATA[]]></system-out>
  <system-err><![CDATA[]]></system-err>
</testsuite>
